[0.399s] Invoking command in '/home/autretechlab/Documents/GitHub/ALT_Robotics_IDE/ros2_ws/build/atl_ide_interfaces': CMAKE_PREFIX_PATH=${CMAKE_PREFIX_PATH}:/home/autretechlab/Documents/GitHub/ALT_Robotics_IDE/ros2_ws/install/atl_blockly_ide_py_pkg:/home/autretechlab/Documents/GitHub/ATL_ThymioII_ROS2_bridge/install/thymio2_ros2_tutorials_py_pkg:/home/autretechlab/Documents/GitHub/ATL_ThymioII_ROS2_bridge/install/thymio2_ros2_bridge_py_pkg:/home/autretechlab/Documents/GitHub/ATL_ThymioII_ROS2_bridge/install/thymio2_ROS2_bridge_py_pkg:/opt/ros/foxy /usr/bin/cmake --build /home/autretechlab/Documents/GitHub/ALT_Robotics_IDE/ros2_ws/build/atl_ide_interfaces -- -j4 -l4
[0.617s] [  9%] Built target atl_ide_interfaces__rosidl_generator_c
[0.622s] [ 12%] Built target atl_ide_interfaces__cpp
[0.686s] [ 22%] Built target atl_ide_interfaces__rosidl_typesupport_introspection_c
[0.700s] [ 32%] Built target atl_ide_interfaces__rosidl_typesupport_c
[0.709s] [ 41%] Built target atl_ide_interfaces__rosidl_typesupport_fastrtps_cpp
[0.724s] [ 51%] Built target atl_ide_interfaces__rosidl_typesupport_introspection_cpp
[0.744s] [ 61%] Built target atl_ide_interfaces__rosidl_typesupport_cpp
[0.761s] [ 70%] Built target atl_ide_interfaces__rosidl_typesupport_fastrtps_c
[0.796s] [ 70%] Built target atl_ide_interfaces
[0.834s] [ 74%] Built target atl_ide_interfaces__py
[0.887s] [ 80%] Built target atl_ide_interfaces__python
[0.934s] [ 87%] Built target atl_ide_interfaces__rosidl_typesupport_introspection_c__pyext
[0.944s] [ 93%] Built target atl_ide_interfaces__rosidl_typesupport_c__pyext
[0.944s] [100%] Built target atl_ide_interfaces__rosidl_typesupport_fastrtps_c__pyext
[0.966s] Invoked command in '/home/autretechlab/Documents/GitHub/ALT_Robotics_IDE/ros2_ws/build/atl_ide_interfaces' returned '0': CMAKE_PREFIX_PATH=${CMAKE_PREFIX_PATH}:/home/autretechlab/Documents/GitHub/ALT_Robotics_IDE/ros2_ws/install/atl_blockly_ide_py_pkg:/home/autretechlab/Documents/GitHub/ATL_ThymioII_ROS2_bridge/install/thymio2_ros2_tutorials_py_pkg:/home/autretechlab/Documents/GitHub/ATL_ThymioII_ROS2_bridge/install/thymio2_ros2_bridge_py_pkg:/home/autretechlab/Documents/GitHub/ATL_ThymioII_ROS2_bridge/install/thymio2_ROS2_bridge_py_pkg:/opt/ros/foxy /usr/bin/cmake --build /home/autretechlab/Documents/GitHub/ALT_Robotics_IDE/ros2_ws/build/atl_ide_interfaces -- -j4 -l4
[1.067s] Invoking command in '/home/autretechlab/Documents/GitHub/ALT_Robotics_IDE/ros2_ws/build/atl_ide_interfaces': CMAKE_PREFIX_PATH=${CMAKE_PREFIX_PATH}:/home/autretechlab/Documents/GitHub/ALT_Robotics_IDE/ros2_ws/install/atl_blockly_ide_py_pkg:/home/autretechlab/Documents/GitHub/ATL_ThymioII_ROS2_bridge/install/thymio2_ros2_tutorials_py_pkg:/home/autretechlab/Documents/GitHub/ATL_ThymioII_ROS2_bridge/install/thymio2_ros2_bridge_py_pkg:/home/autretechlab/Documents/GitHub/ATL_ThymioII_ROS2_bridge/install/thymio2_ROS2_bridge_py_pkg:/opt/ros/foxy /usr/bin/cmake --install /home/autretechlab/Documents/GitHub/ALT_Robotics_IDE/ros2_ws/build/atl_ide_interfaces
[1.082s] -- Install configuration: ""
[1.084s] -- Up-to-date: /home/autretechlab/Documents/GitHub/ALT_Robotics_IDE/ros2_ws/install/atl_ide_interfaces/share/ament_index/resource_index/rosidl_interfaces/atl_ide_interfaces
[1.085s] -- Up-to-date: /home/autretechlab/Documents/GitHub/ALT_Robotics_IDE/ros2_ws/install/atl_ide_interfaces/include/atl_ide_interfaces
[1.085s] -- Up-to-date: /home/autretechlab/Documents/GitHub/ALT_Robotics_IDE/ros2_ws/install/atl_ide_interfaces/include/atl_ide_interfaces/msg
[1.085s] -- Up-to-date: /home/autretechlab/Documents/GitHub/ALT_Robotics_IDE/ros2_ws/install/atl_ide_interfaces/include/atl_ide_interfaces/msg/rosidl_generator_c__visibility_control.h
[1.086s] -- Up-to-date: /home/autretechlab/Documents/GitHub/ALT_Robotics_IDE/ros2_ws/install/atl_ide_interfaces/include/atl_ide_interfaces/msg/idewebapp.h
[1.086s] -- Up-to-date: /home/autretechlab/Documents/GitHub/ALT_Robotics_IDE/ros2_ws/install/atl_ide_interfaces/include/atl_ide_interfaces/msg/detail
[1.086s] -- Up-to-date: /home/autretechlab/Documents/GitHub/ALT_Robotics_IDE/ros2_ws/install/atl_ide_interfaces/include/atl_ide_interfaces/msg/detail/idewebapp__functions.h
[1.086s] -- Up-to-date: /home/autretechlab/Documents/GitHub/ALT_Robotics_IDE/ros2_ws/install/atl_ide_interfaces/include/atl_ide_interfaces/msg/detail/idewebapp__functions.c
[1.087s] -- Up-to-date: /home/autretechlab/Documents/GitHub/ALT_Robotics_IDE/ros2_ws/install/atl_ide_interfaces/include/atl_ide_interfaces/msg/detail/idewebapp__struct.h
[1.087s] -- Up-to-date: /home/autretechlab/Documents/GitHub/ALT_Robotics_IDE/ros2_ws/install/atl_ide_interfaces/include/atl_ide_interfaces/msg/detail/idewebapp__type_support.h
[1.087s] -- Up-to-date: /home/autretechlab/Documents/GitHub/ALT_Robotics_IDE/ros2_ws/install/atl_ide_interfaces/share/atl_ide_interfaces/environment/library_path.sh
[1.088s] -- Up-to-date: /home/autretechlab/Documents/GitHub/ALT_Robotics_IDE/ros2_ws/install/atl_ide_interfaces/share/atl_ide_interfaces/environment/library_path.dsv
[1.088s] -- Up-to-date: /home/autretechlab/Documents/GitHub/ALT_Robotics_IDE/ros2_ws/install/atl_ide_interfaces/lib/libatl_ide_interfaces__rosidl_generator_c.so
[1.088s] -- Up-to-date: /home/autretechlab/Documents/GitHub/ALT_Robotics_IDE/ros2_ws/install/atl_ide_interfaces/include/atl_ide_interfaces
[1.088s] -- Up-to-date: /home/autretechlab/Documents/GitHub/ALT_Robotics_IDE/ros2_ws/install/atl_ide_interfaces/include/atl_ide_interfaces/msg
[1.088s] -- Up-to-date: /home/autretechlab/Documents/GitHub/ALT_Robotics_IDE/ros2_ws/install/atl_ide_interfaces/include/atl_ide_interfaces/msg/rosidl_typesupport_fastrtps_c__visibility_control.h
[1.089s] -- Up-to-date: /home/autretechlab/Documents/GitHub/ALT_Robotics_IDE/ros2_ws/install/atl_ide_interfaces/include/atl_ide_interfaces/msg/detail
[1.089s] -- Up-to-date: /home/autretechlab/Documents/GitHub/ALT_Robotics_IDE/ros2_ws/install/atl_ide_interfaces/include/atl_ide_interfaces/msg/detail/idewebapp__rosidl_typesupport_fastrtps_c.h
[1.089s] -- Up-to-date: /home/autretechlab/Documents/GitHub/ALT_Robotics_IDE/ros2_ws/install/atl_ide_interfaces/lib/libatl_ide_interfaces__rosidl_typesupport_fastrtps_c.so
[1.090s] -- Up-to-date: /home/autretechlab/Documents/GitHub/ALT_Robotics_IDE/ros2_ws/install/atl_ide_interfaces/include/atl_ide_interfaces
[1.090s] -- Up-to-date: /home/autretechlab/Documents/GitHub/ALT_Robotics_IDE/ros2_ws/install/atl_ide_interfaces/include/atl_ide_interfaces/msg
[1.090s] -- Up-to-date: /home/autretechlab/Documents/GitHub/ALT_Robotics_IDE/ros2_ws/install/atl_ide_interfaces/include/atl_ide_interfaces/msg/rosidl_typesupport_fastrtps_cpp__visibility_control.h
[1.091s] -- Up-to-date: /home/autretechlab/Documents/GitHub/ALT_Robotics_IDE/ros2_ws/install/atl_ide_interfaces/include/atl_ide_interfaces/msg/detail
[1.091s] -- Up-to-date: /home/autretechlab/Documents/GitHub/ALT_Robotics_IDE/ros2_ws/install/atl_ide_interfaces/include/atl_ide_interfaces/msg/detail/idewebapp__rosidl_typesupport_fastrtps_cpp.hpp
[1.091s] -- Up-to-date: /home/autretechlab/Documents/GitHub/ALT_Robotics_IDE/ros2_ws/install/atl_ide_interfaces/include/atl_ide_interfaces/msg/detail/dds_fastrtps
[1.092s] -- Up-to-date: /home/autretechlab/Documents/GitHub/ALT_Robotics_IDE/ros2_ws/install/atl_ide_interfaces/lib/libatl_ide_interfaces__rosidl_typesupport_fastrtps_cpp.so
[1.092s] -- Up-to-date: /home/autretechlab/Documents/GitHub/ALT_Robotics_IDE/ros2_ws/install/atl_ide_interfaces/include/atl_ide_interfaces
[1.092s] -- Up-to-date: /home/autretechlab/Documents/GitHub/ALT_Robotics_IDE/ros2_ws/install/atl_ide_interfaces/include/atl_ide_interfaces/msg
[1.092s] -- Up-to-date: /home/autretechlab/Documents/GitHub/ALT_Robotics_IDE/ros2_ws/install/atl_ide_interfaces/include/atl_ide_interfaces/msg/rosidl_typesupport_introspection_c__visibility_control.h
[1.093s] -- Up-to-date: /home/autretechlab/Documents/GitHub/ALT_Robotics_IDE/ros2_ws/install/atl_ide_interfaces/include/atl_ide_interfaces/msg/detail
[1.093s] -- Up-to-date: /home/autretechlab/Documents/GitHub/ALT_Robotics_IDE/ros2_ws/install/atl_ide_interfaces/include/atl_ide_interfaces/msg/detail/idewebapp__rosidl_typesupport_introspection_c.h
[1.093s] -- Up-to-date: /home/autretechlab/Documents/GitHub/ALT_Robotics_IDE/ros2_ws/install/atl_ide_interfaces/include/atl_ide_interfaces/msg/detail/idewebapp__type_support.c
[1.094s] -- Up-to-date: /home/autretechlab/Documents/GitHub/ALT_Robotics_IDE/ros2_ws/install/atl_ide_interfaces/lib/libatl_ide_interfaces__rosidl_typesupport_introspection_c.so
[1.094s] -- Up-to-date: /home/autretechlab/Documents/GitHub/ALT_Robotics_IDE/ros2_ws/install/atl_ide_interfaces/lib/libatl_ide_interfaces__rosidl_typesupport_c.so
[1.094s] -- Up-to-date: /home/autretechlab/Documents/GitHub/ALT_Robotics_IDE/ros2_ws/install/atl_ide_interfaces/include/atl_ide_interfaces
[1.095s] -- Up-to-date: /home/autretechlab/Documents/GitHub/ALT_Robotics_IDE/ros2_ws/install/atl_ide_interfaces/include/atl_ide_interfaces/msg
[1.099s] -- Up-to-date: /home/autretechlab/Documents/GitHub/ALT_Robotics_IDE/ros2_ws/install/atl_ide_interfaces/include/atl_ide_interfaces/msg/idewebapp.hpp
[1.099s] -- Up-to-date: /home/autretechlab/Documents/GitHub/ALT_Robotics_IDE/ros2_ws/install/atl_ide_interfaces/include/atl_ide_interfaces/msg/detail
[1.100s] -- Up-to-date: /home/autretechlab/Documents/GitHub/ALT_Robotics_IDE/ros2_ws/install/atl_ide_interfaces/include/atl_ide_interfaces/msg/detail/idewebapp__struct.hpp
[1.100s] -- Up-to-date: /home/autretechlab/Documents/GitHub/ALT_Robotics_IDE/ros2_ws/install/atl_ide_interfaces/include/atl_ide_interfaces/msg/detail/idewebapp__builder.hpp
[1.101s] -- Up-to-date: /home/autretechlab/Documents/GitHub/ALT_Robotics_IDE/ros2_ws/install/atl_ide_interfaces/include/atl_ide_interfaces/msg/detail/idewebapp__traits.hpp
[1.101s] -- Up-to-date: /home/autretechlab/Documents/GitHub/ALT_Robotics_IDE/ros2_ws/install/atl_ide_interfaces/include/atl_ide_interfaces
[1.102s] -- Up-to-date: /home/autretechlab/Documents/GitHub/ALT_Robotics_IDE/ros2_ws/install/atl_ide_interfaces/include/atl_ide_interfaces/msg
[1.102s] -- Up-to-date: /home/autretechlab/Documents/GitHub/ALT_Robotics_IDE/ros2_ws/install/atl_ide_interfaces/include/atl_ide_interfaces/msg/detail
[1.103s] -- Up-to-date: /home/autretechlab/Documents/GitHub/ALT_Robotics_IDE/ros2_ws/install/atl_ide_interfaces/include/atl_ide_interfaces/msg/detail/idewebapp__rosidl_typesupport_introspection_cpp.hpp
[1.103s] -- Up-to-date: /home/autretechlab/Documents/GitHub/ALT_Robotics_IDE/ros2_ws/install/atl_ide_interfaces/include/atl_ide_interfaces/msg/detail/idewebapp__type_support.cpp
[1.103s] -- Up-to-date: /home/autretechlab/Documents/GitHub/ALT_Robotics_IDE/ros2_ws/install/atl_ide_interfaces/lib/libatl_ide_interfaces__rosidl_typesupport_introspection_cpp.so
[1.104s] -- Up-to-date: /home/autretechlab/Documents/GitHub/ALT_Robotics_IDE/ros2_ws/install/atl_ide_interfaces/lib/libatl_ide_interfaces__rosidl_typesupport_cpp.so
[1.104s] -- Up-to-date: /home/autretechlab/Documents/GitHub/ALT_Robotics_IDE/ros2_ws/install/atl_ide_interfaces/share/atl_ide_interfaces/environment/pythonpath.sh
[1.105s] -- Up-to-date: /home/autretechlab/Documents/GitHub/ALT_Robotics_IDE/ros2_ws/install/atl_ide_interfaces/share/atl_ide_interfaces/environment/pythonpath.dsv
[1.105s] -- Up-to-date: /home/autretechlab/Documents/GitHub/ALT_Robotics_IDE/ros2_ws/install/atl_ide_interfaces/lib/python3.8/site-packages/atl_ide_interfaces/__init__.py
[1.164s] -- Up-to-date: /home/autretechlab/Documents/GitHub/ALT_Robotics_IDE/ros2_ws/install/atl_ide_interfaces/lib/python3.8/site-packages/atl_ide_interfaces/msg
[1.165s] -- Up-to-date: /home/autretechlab/Documents/GitHub/ALT_Robotics_IDE/ros2_ws/install/atl_ide_interfaces/lib/python3.8/site-packages/atl_ide_interfaces/msg/__init__.py
[1.165s] -- Up-to-date: /home/autretechlab/Documents/GitHub/ALT_Robotics_IDE/ros2_ws/install/atl_ide_interfaces/lib/python3.8/site-packages/atl_ide_interfaces/msg/_idewebapp.py
[1.165s] -- Up-to-date: /home/autretechlab/Documents/GitHub/ALT_Robotics_IDE/ros2_ws/install/atl_ide_interfaces/lib/python3.8/site-packages/atl_ide_interfaces/msg/_idewebapp_s.c
[1.166s] -- Up-to-date: /home/autretechlab/Documents/GitHub/ALT_Robotics_IDE/ros2_ws/install/atl_ide_interfaces/lib/python3.8/site-packages/atl_ide_interfaces/atl_ide_interfaces_s__rosidl_typesupport_fastrtps_c.cpython-38-x86_64-linux-gnu.so
[1.168s] -- Up-to-date: /home/autretechlab/Documents/GitHub/ALT_Robotics_IDE/ros2_ws/install/atl_ide_interfaces/lib/python3.8/site-packages/atl_ide_interfaces/atl_ide_interfaces_s__rosidl_typesupport_introspection_c.cpython-38-x86_64-linux-gnu.so
[1.170s] -- Up-to-date: /home/autretechlab/Documents/GitHub/ALT_Robotics_IDE/ros2_ws/install/atl_ide_interfaces/lib/python3.8/site-packages/atl_ide_interfaces/atl_ide_interfaces_s__rosidl_typesupport_c.cpython-38-x86_64-linux-gnu.so
[1.171s] -- Up-to-date: /home/autretechlab/Documents/GitHub/ALT_Robotics_IDE/ros2_ws/install/atl_ide_interfaces/lib/libatl_ide_interfaces__python.so
[1.172s] -- Up-to-date: /home/autretechlab/Documents/GitHub/ALT_Robotics_IDE/ros2_ws/install/atl_ide_interfaces/share/atl_ide_interfaces/msg/IDEWEBAPP.idl
[1.172s] -- Up-to-date: /home/autretechlab/Documents/GitHub/ALT_Robotics_IDE/ros2_ws/install/atl_ide_interfaces/share/atl_ide_interfaces/msg/IDEWEBAPP.msg
[1.172s] -- Up-to-date: /home/autretechlab/Documents/GitHub/ALT_Robotics_IDE/ros2_ws/install/atl_ide_interfaces/share/ament_index/resource_index/package_run_dependencies/atl_ide_interfaces
[1.173s] -- Up-to-date: /home/autretechlab/Documents/GitHub/ALT_Robotics_IDE/ros2_ws/install/atl_ide_interfaces/share/ament_index/resource_index/parent_prefix_path/atl_ide_interfaces
[1.173s] -- Up-to-date: /home/autretechlab/Documents/GitHub/ALT_Robotics_IDE/ros2_ws/install/atl_ide_interfaces/share/atl_ide_interfaces/environment/ament_prefix_path.sh
[1.173s] -- Up-to-date: /home/autretechlab/Documents/GitHub/ALT_Robotics_IDE/ros2_ws/install/atl_ide_interfaces/share/atl_ide_interfaces/environment/ament_prefix_path.dsv
[1.174s] -- Up-to-date: /home/autretechlab/Documents/GitHub/ALT_Robotics_IDE/ros2_ws/install/atl_ide_interfaces/share/atl_ide_interfaces/environment/path.sh
[1.174s] -- Up-to-date: /home/autretechlab/Documents/GitHub/ALT_Robotics_IDE/ros2_ws/install/atl_ide_interfaces/share/atl_ide_interfaces/environment/path.dsv
[1.174s] -- Up-to-date: /home/autretechlab/Documents/GitHub/ALT_Robotics_IDE/ros2_ws/install/atl_ide_interfaces/share/atl_ide_interfaces/local_setup.bash
[1.174s] -- Up-to-date: /home/autretechlab/Documents/GitHub/ALT_Robotics_IDE/ros2_ws/install/atl_ide_interfaces/share/atl_ide_interfaces/local_setup.sh
[1.174s] -- Up-to-date: /home/autretechlab/Documents/GitHub/ALT_Robotics_IDE/ros2_ws/install/atl_ide_interfaces/share/atl_ide_interfaces/local_setup.zsh
[1.175s] -- Up-to-date: /home/autretechlab/Documents/GitHub/ALT_Robotics_IDE/ros2_ws/install/atl_ide_interfaces/share/atl_ide_interfaces/local_setup.dsv
[1.175s] -- Installing: /home/autretechlab/Documents/GitHub/ALT_Robotics_IDE/ros2_ws/install/atl_ide_interfaces/share/atl_ide_interfaces/package.dsv
[1.176s] -- Up-to-date: /home/autretechlab/Documents/GitHub/ALT_Robotics_IDE/ros2_ws/install/atl_ide_interfaces/share/ament_index/resource_index/packages/atl_ide_interfaces
[1.177s] -- Up-to-date: /home/autretechlab/Documents/GitHub/ALT_Robotics_IDE/ros2_ws/install/atl_ide_interfaces/share/atl_ide_interfaces/cmake/atl_ide_interfaces__rosidl_generator_cExport.cmake
[1.177s] -- Up-to-date: /home/autretechlab/Documents/GitHub/ALT_Robotics_IDE/ros2_ws/install/atl_ide_interfaces/share/atl_ide_interfaces/cmake/atl_ide_interfaces__rosidl_generator_cExport-noconfig.cmake
[1.178s] -- Up-to-date: /home/autretechlab/Documents/GitHub/ALT_Robotics_IDE/ros2_ws/install/atl_ide_interfaces/share/atl_ide_interfaces/cmake/atl_ide_interfaces__rosidl_typesupport_introspection_cExport.cmake
[1.178s] -- Up-to-date: /home/autretechlab/Documents/GitHub/ALT_Robotics_IDE/ros2_ws/install/atl_ide_interfaces/share/atl_ide_interfaces/cmake/atl_ide_interfaces__rosidl_typesupport_introspection_cExport-noconfig.cmake
[1.181s] -- Up-to-date: /home/autretechlab/Documents/GitHub/ALT_Robotics_IDE/ros2_ws/install/atl_ide_interfaces/share/atl_ide_interfaces/cmake/atl_ide_interfaces__rosidl_typesupport_cExport.cmake
[1.181s] -- Up-to-date: /home/autretechlab/Documents/GitHub/ALT_Robotics_IDE/ros2_ws/install/atl_ide_interfaces/share/atl_ide_interfaces/cmake/atl_ide_interfaces__rosidl_typesupport_cExport-noconfig.cmake
[1.181s] -- Up-to-date: /home/autretechlab/Documents/GitHub/ALT_Robotics_IDE/ros2_ws/install/atl_ide_interfaces/share/atl_ide_interfaces/cmake/atl_ide_interfaces__rosidl_generator_cppExport.cmake
[1.182s] -- Up-to-date: /home/autretechlab/Documents/GitHub/ALT_Robotics_IDE/ros2_ws/install/atl_ide_interfaces/share/atl_ide_interfaces/cmake/atl_ide_interfaces__rosidl_typesupport_introspection_cppExport.cmake
[1.182s] -- Up-to-date: /home/autretechlab/Documents/GitHub/ALT_Robotics_IDE/ros2_ws/install/atl_ide_interfaces/share/atl_ide_interfaces/cmake/atl_ide_interfaces__rosidl_typesupport_introspection_cppExport-noconfig.cmake
[1.183s] -- Up-to-date: /home/autretechlab/Documents/GitHub/ALT_Robotics_IDE/ros2_ws/install/atl_ide_interfaces/share/atl_ide_interfaces/cmake/atl_ide_interfaces__rosidl_typesupport_cppExport.cmake
[1.183s] -- Up-to-date: /home/autretechlab/Documents/GitHub/ALT_Robotics_IDE/ros2_ws/install/atl_ide_interfaces/share/atl_ide_interfaces/cmake/atl_ide_interfaces__rosidl_typesupport_cppExport-noconfig.cmake
[1.183s] -- Up-to-date: /home/autretechlab/Documents/GitHub/ALT_Robotics_IDE/ros2_ws/install/atl_ide_interfaces/share/atl_ide_interfaces/cmake/rosidl_cmake-extras.cmake
[1.184s] -- Up-to-date: /home/autretechlab/Documents/GitHub/ALT_Robotics_IDE/ros2_ws/install/atl_ide_interfaces/share/atl_ide_interfaces/cmake/ament_cmake_export_dependencies-extras.cmake
[1.184s] -- Up-to-date: /home/autretechlab/Documents/GitHub/ALT_Robotics_IDE/ros2_ws/install/atl_ide_interfaces/share/atl_ide_interfaces/cmake/ament_cmake_export_libraries-extras.cmake
[1.184s] -- Up-to-date: /home/autretechlab/Documents/GitHub/ALT_Robotics_IDE/ros2_ws/install/atl_ide_interfaces/share/atl_ide_interfaces/cmake/ament_cmake_export_targets-extras.cmake
[1.184s] -- Up-to-date: /home/autretechlab/Documents/GitHub/ALT_Robotics_IDE/ros2_ws/install/atl_ide_interfaces/share/atl_ide_interfaces/cmake/ament_cmake_export_include_directories-extras.cmake
[1.185s] -- Up-to-date: /home/autretechlab/Documents/GitHub/ALT_Robotics_IDE/ros2_ws/install/atl_ide_interfaces/share/atl_ide_interfaces/cmake/rosidl_cmake_export_typesupport_libraries-extras.cmake
[1.185s] -- Up-to-date: /home/autretechlab/Documents/GitHub/ALT_Robotics_IDE/ros2_ws/install/atl_ide_interfaces/share/atl_ide_interfaces/cmake/rosidl_cmake_export_typesupport_targets-extras.cmake
[1.185s] -- Up-to-date: /home/autretechlab/Documents/GitHub/ALT_Robotics_IDE/ros2_ws/install/atl_ide_interfaces/share/atl_ide_interfaces/cmake/atl_ide_interfacesConfig.cmake
[1.186s] -- Up-to-date: /home/autretechlab/Documents/GitHub/ALT_Robotics_IDE/ros2_ws/install/atl_ide_interfaces/share/atl_ide_interfaces/cmake/atl_ide_interfacesConfig-version.cmake
[1.186s] -- Up-to-date: /home/autretechlab/Documents/GitHub/ALT_Robotics_IDE/ros2_ws/install/atl_ide_interfaces/share/atl_ide_interfaces/package.xml
[1.190s] Invoked command in '/home/autretechlab/Documents/GitHub/ALT_Robotics_IDE/ros2_ws/build/atl_ide_interfaces' returned '0': CMAKE_PREFIX_PATH=${CMAKE_PREFIX_PATH}:/home/autretechlab/Documents/GitHub/ALT_Robotics_IDE/ros2_ws/install/atl_blockly_ide_py_pkg:/home/autretechlab/Documents/GitHub/ATL_ThymioII_ROS2_bridge/install/thymio2_ros2_tutorials_py_pkg:/home/autretechlab/Documents/GitHub/ATL_ThymioII_ROS2_bridge/install/thymio2_ros2_bridge_py_pkg:/home/autretechlab/Documents/GitHub/ATL_ThymioII_ROS2_bridge/install/thymio2_ROS2_bridge_py_pkg:/opt/ros/foxy /usr/bin/cmake --install /home/autretechlab/Documents/GitHub/ALT_Robotics_IDE/ros2_ws/build/atl_ide_interfaces
