[0.414s] DEBUG:colcon:Command line arguments: ['/usr/bin/colcon', 'build']
[0.414s] DEBUG:colcon:Parsed command line arguments: Namespace(ament_cmake_args=None, base_paths=['.'], build_base='build', catkin_cmake_args=None, catkin_skip_building_tests=False, cmake_args=None, cmake_clean_cache=False, cmake_clean_first=False, cmake_force_configure=False, cmake_target=None, cmake_target_skip_unavailable=False, continue_on_error=False, event_handlers=None, executor='parallel', ignore_user_meta=False, install_base='install', log_base=None, log_level=None, main=<bound method BuildVerb.main of <colcon_core.verb.build.BuildVerb object at 0x7fe82d6b8490>>, merge_install=False, metas=['./colcon.meta'], packages_above=None, packages_above_and_dependencies=None, packages_above_depth=None, packages_end=None, packages_ignore=None, packages_ignore_regex=None, packages_select=None, packages_select_build_failed=False, packages_select_by_dep=None, packages_select_regex=None, packages_select_test_failures=False, packages_skip=None, packages_skip_build_finished=False, packages_skip_by_dep=None, packages_skip_regex=None, packages_skip_test_passed=False, packages_skip_up_to=None, packages_start=None, packages_up_to=None, packages_up_to_regex=None, parallel_workers=4, paths=None, symlink_install=False, test_result_base=None, verb_extension=<colcon_core.verb.build.BuildVerb object at 0x7fe82d6b8490>, verb_name='build', verb_parser=<colcon_defaults.argument_parser.defaults.DefaultArgumentsDecorator object at 0x7fe82d6b89d0>)
[0.427s] Level 1:colcon.colcon_core.package_discovery:discover_packages(colcon_meta) check parameters
[0.428s] Level 1:colcon.colcon_core.package_discovery:discover_packages(recursive) check parameters
[0.428s] Level 1:colcon.colcon_core.package_discovery:discover_packages(ignore) check parameters
[0.428s] Level 1:colcon.colcon_core.package_discovery:discover_packages(path) check parameters
[0.428s] Level 1:colcon.colcon_core.package_discovery:discover_packages(colcon_meta) discover
[0.428s] Level 1:colcon.colcon_core.package_discovery:discover_packages(recursive) discover
[0.428s] INFO:colcon.colcon_core.package_discovery:Crawling recursively for packages in '/home/autretechlab/Documents/GitHub/ALT_Robotics_IDE/ros2_ws'
[0.428s] Level 1:colcon.colcon_core.package_identification:_identify(.) by extensions ['ignore', 'ignore_ament_install']
[0.428s] Level 1:colcon.colcon_core.package_identification:_identify(.) by extension 'ignore'
[0.428s] Level 1:colcon.colcon_core.package_identification:_identify(.) by extension 'ignore_ament_install'
[0.428s] Level 1:colcon.colcon_core.package_identification:_identify(.) by extensions ['colcon_pkg']
[0.429s] Level 1:colcon.colcon_core.package_identification:_identify(.) by extension 'colcon_pkg'
[0.429s] Level 1:colcon.colcon_core.package_identification:_identify(.) by extensions ['colcon_meta']
[0.429s] Level 1:colcon.colcon_core.package_identification:_identify(.) by extension 'colcon_meta'
[0.429s] Level 1:colcon.colcon_core.package_identification:_identify(.) by extensions ['ros']
[0.429s] Level 1:colcon.colcon_core.package_identification:_identify(.) by extension 'ros'
[0.450s] Level 1:colcon.colcon_core.package_identification:_identify(.) by extensions ['cmake', 'python']
[0.450s] Level 1:colcon.colcon_core.package_identification:_identify(.) by extension 'cmake'
[0.450s] Level 1:colcon.colcon_core.package_identification:_identify(.) by extension 'python'
[0.450s] Level 1:colcon.colcon_core.package_identification:_identify(.) by extensions ['python_setup_py']
[0.450s] Level 1:colcon.colcon_core.package_identification:_identify(.) by extension 'python_setup_py'
[0.450s] Level 1:colcon.colcon_core.package_identification:_identify(build) by extensions ['ignore', 'ignore_ament_install']
[0.450s] Level 1:colcon.colcon_core.package_identification:_identify(build) by extension 'ignore'
[0.450s] Level 1:colcon.colcon_core.package_identification:_identify(build) ignored
[0.451s] Level 1:colcon.colcon_core.package_identification:_identify(install) by extensions ['ignore', 'ignore_ament_install']
[0.451s] Level 1:colcon.colcon_core.package_identification:_identify(install) by extension 'ignore'
[0.451s] Level 1:colcon.colcon_core.package_identification:_identify(install) ignored
[0.451s] Level 1:colcon.colcon_core.package_identification:_identify(log) by extensions ['ignore', 'ignore_ament_install']
[0.451s] Level 1:colcon.colcon_core.package_identification:_identify(log) by extension 'ignore'
[0.451s] Level 1:colcon.colcon_core.package_identification:_identify(log) ignored
[0.451s] Level 1:colcon.colcon_core.package_identification:_identify(src) by extensions ['ignore', 'ignore_ament_install']
[0.451s] Level 1:colcon.colcon_core.package_identification:_identify(src) by extension 'ignore'
[0.452s] Level 1:colcon.colcon_core.package_identification:_identify(src) by extension 'ignore_ament_install'
[0.452s] Level 1:colcon.colcon_core.package_identification:_identify(src) by extensions ['colcon_pkg']
[0.452s] Level 1:colcon.colcon_core.package_identification:_identify(src) by extension 'colcon_pkg'
[0.452s] Level 1:colcon.colcon_core.package_identification:_identify(src) by extensions ['colcon_meta']
[0.452s] Level 1:colcon.colcon_core.package_identification:_identify(src) by extension 'colcon_meta'
[0.452s] Level 1:colcon.colcon_core.package_identification:_identify(src) by extensions ['ros']
[0.452s] Level 1:colcon.colcon_core.package_identification:_identify(src) by extension 'ros'
[0.452s] Level 1:colcon.colcon_core.package_identification:_identify(src) by extensions ['cmake', 'python']
[0.452s] Level 1:colcon.colcon_core.package_identification:_identify(src) by extension 'cmake'
[0.452s] Level 1:colcon.colcon_core.package_identification:_identify(src) by extension 'python'
[0.452s] Level 1:colcon.colcon_core.package_identification:_identify(src) by extensions ['python_setup_py']
[0.452s] Level 1:colcon.colcon_core.package_identification:_identify(src) by extension 'python_setup_py'
[0.453s] Level 1:colcon.colcon_core.package_identification:_identify(src/atl_blockly_ide_py_pkg) by extensions ['ignore', 'ignore_ament_install']
[0.453s] Level 1:colcon.colcon_core.package_identification:_identify(src/atl_blockly_ide_py_pkg) by extension 'ignore'
[0.453s] Level 1:colcon.colcon_core.package_identification:_identify(src/atl_blockly_ide_py_pkg) by extension 'ignore_ament_install'
[0.453s] Level 1:colcon.colcon_core.package_identification:_identify(src/atl_blockly_ide_py_pkg) by extensions ['colcon_pkg']
[0.453s] Level 1:colcon.colcon_core.package_identification:_identify(src/atl_blockly_ide_py_pkg) by extension 'colcon_pkg'
[0.453s] Level 1:colcon.colcon_core.package_identification:_identify(src/atl_blockly_ide_py_pkg) by extensions ['colcon_meta']
[0.453s] Level 1:colcon.colcon_core.package_identification:_identify(src/atl_blockly_ide_py_pkg) by extension 'colcon_meta'
[0.453s] Level 1:colcon.colcon_core.package_identification:_identify(src/atl_blockly_ide_py_pkg) by extensions ['ros']
[0.453s] Level 1:colcon.colcon_core.package_identification:_identify(src/atl_blockly_ide_py_pkg) by extension 'ros'
[0.458s] DEBUG:colcon.colcon_core.package_identification:Package 'src/atl_blockly_ide_py_pkg' with type 'ros.ament_python' and name 'atl_blockly_ide_py_pkg'
[0.458s] Level 1:colcon.colcon_core.package_identification:_identify(src/atl_ide_interfaces) by extensions ['ignore', 'ignore_ament_install']
[0.458s] Level 1:colcon.colcon_core.package_identification:_identify(src/atl_ide_interfaces) by extension 'ignore'
[0.458s] Level 1:colcon.colcon_core.package_identification:_identify(src/atl_ide_interfaces) by extension 'ignore_ament_install'
[0.459s] Level 1:colcon.colcon_core.package_identification:_identify(src/atl_ide_interfaces) by extensions ['colcon_pkg']
[0.459s] Level 1:colcon.colcon_core.package_identification:_identify(src/atl_ide_interfaces) by extension 'colcon_pkg'
[0.459s] Level 1:colcon.colcon_core.package_identification:_identify(src/atl_ide_interfaces) by extensions ['colcon_meta']
[0.459s] Level 1:colcon.colcon_core.package_identification:_identify(src/atl_ide_interfaces) by extension 'colcon_meta'
[0.459s] Level 1:colcon.colcon_core.package_identification:_identify(src/atl_ide_interfaces) by extensions ['ros']
[0.459s] Level 1:colcon.colcon_core.package_identification:_identify(src/atl_ide_interfaces) by extension 'ros'
[0.460s] DEBUG:colcon.colcon_core.package_identification:Package 'src/atl_ide_interfaces' with type 'ros.ament_cmake' and name 'atl_ide_interfaces'
[0.460s] Level 1:colcon.colcon_core.package_discovery:discover_packages(recursive) using defaults
[0.460s] Level 1:colcon.colcon_core.package_discovery:discover_packages(ignore) discover
[0.460s] Level 1:colcon.colcon_core.package_discovery:discover_packages(ignore) using defaults
[0.460s] Level 1:colcon.colcon_core.package_discovery:discover_packages(path) discover
[0.460s] Level 1:colcon.colcon_core.package_discovery:discover_packages(path) using defaults
[0.502s] Level 5:colcon.colcon_core.verb:set package 'atl_blockly_ide_py_pkg' build argument 'cmake_args' from command line to 'None'
[0.503s] Level 5:colcon.colcon_core.verb:set package 'atl_blockly_ide_py_pkg' build argument 'cmake_target' from command line to 'None'
[0.503s] Level 5:colcon.colcon_core.verb:set package 'atl_blockly_ide_py_pkg' build argument 'cmake_target_skip_unavailable' from command line to 'False'
[0.503s] Level 5:colcon.colcon_core.verb:set package 'atl_blockly_ide_py_pkg' build argument 'cmake_clean_cache' from command line to 'False'
[0.503s] Level 5:colcon.colcon_core.verb:set package 'atl_blockly_ide_py_pkg' build argument 'cmake_clean_first' from command line to 'False'
[0.503s] Level 5:colcon.colcon_core.verb:set package 'atl_blockly_ide_py_pkg' build argument 'cmake_force_configure' from command line to 'False'
[0.503s] Level 5:colcon.colcon_core.verb:set package 'atl_blockly_ide_py_pkg' build argument 'ament_cmake_args' from command line to 'None'
[0.503s] Level 5:colcon.colcon_core.verb:set package 'atl_blockly_ide_py_pkg' build argument 'catkin_cmake_args' from command line to 'None'
[0.503s] Level 5:colcon.colcon_core.verb:set package 'atl_blockly_ide_py_pkg' build argument 'catkin_skip_building_tests' from command line to 'False'
[0.503s] DEBUG:colcon.colcon_core.verb:Building package 'atl_blockly_ide_py_pkg' with the following arguments: {'ament_cmake_args': None, 'build_base': '/home/autretechlab/Documents/GitHub/ALT_Robotics_IDE/ros2_ws/build/atl_blockly_ide_py_pkg', 'catkin_cmake_args': None, 'catkin_skip_building_tests': False, 'cmake_args': None, 'cmake_clean_cache': False, 'cmake_clean_first': False, 'cmake_force_configure': False, 'cmake_target': None, 'cmake_target_skip_unavailable': False, 'install_base': '/home/autretechlab/Documents/GitHub/ALT_Robotics_IDE/ros2_ws/install/atl_blockly_ide_py_pkg', 'merge_install': False, 'path': '/home/autretechlab/Documents/GitHub/ALT_Robotics_IDE/ros2_ws/src/atl_blockly_ide_py_pkg', 'symlink_install': False, 'test_result_base': None}
[0.507s] Level 5:colcon.colcon_core.verb:set package 'atl_ide_interfaces' build argument 'cmake_args' from command line to 'None'
[0.508s] Level 5:colcon.colcon_core.verb:set package 'atl_ide_interfaces' build argument 'cmake_target' from command line to 'None'
[0.508s] Level 5:colcon.colcon_core.verb:set package 'atl_ide_interfaces' build argument 'cmake_target_skip_unavailable' from command line to 'False'
[0.508s] Level 5:colcon.colcon_core.verb:set package 'atl_ide_interfaces' build argument 'cmake_clean_cache' from command line to 'False'
[0.508s] Level 5:colcon.colcon_core.verb:set package 'atl_ide_interfaces' build argument 'cmake_clean_first' from command line to 'False'
[0.508s] Level 5:colcon.colcon_core.verb:set package 'atl_ide_interfaces' build argument 'cmake_force_configure' from command line to 'False'
[0.508s] Level 5:colcon.colcon_core.verb:set package 'atl_ide_interfaces' build argument 'ament_cmake_args' from command line to 'None'
[0.508s] Level 5:colcon.colcon_core.verb:set package 'atl_ide_interfaces' build argument 'catkin_cmake_args' from command line to 'None'
[0.508s] Level 5:colcon.colcon_core.verb:set package 'atl_ide_interfaces' build argument 'catkin_skip_building_tests' from command line to 'False'
[0.508s] DEBUG:colcon.colcon_core.verb:Building package 'atl_ide_interfaces' with the following arguments: {'ament_cmake_args': None, 'build_base': '/home/autretechlab/Documents/GitHub/ALT_Robotics_IDE/ros2_ws/build/atl_ide_interfaces', 'catkin_cmake_args': None, 'catkin_skip_building_tests': False, 'cmake_args': None, 'cmake_clean_cache': False, 'cmake_clean_first': False, 'cmake_force_configure': False, 'cmake_target': None, 'cmake_target_skip_unavailable': False, 'install_base': '/home/autretechlab/Documents/GitHub/ALT_Robotics_IDE/ros2_ws/install/atl_ide_interfaces', 'merge_install': False, 'path': '/home/autretechlab/Documents/GitHub/ALT_Robotics_IDE/ros2_ws/src/atl_ide_interfaces', 'symlink_install': False, 'test_result_base': None}
[0.509s] INFO:colcon.colcon_core.executor:Executing jobs using 'parallel' executor
[0.512s] DEBUG:colcon.colcon_parallel_executor.executor.parallel:run_until_complete
[0.513s] INFO:colcon.colcon_ros.task.ament_python.build:Building ROS package in '/home/autretechlab/Documents/GitHub/ALT_Robotics_IDE/ros2_ws/src/atl_blockly_ide_py_pkg' with build type 'ament_python'
[0.513s] Level 1:colcon.colcon_core.shell:create_environment_hook('atl_blockly_ide_py_pkg', 'ament_prefix_path')
[0.527s] INFO:colcon.colcon_core.plugin_system:Skipping extension 'colcon_core.shell.bat': Not used on non-Windows systems
[0.527s] INFO:colcon.colcon_core.shell:Creating environment hook '/home/autretechlab/Documents/GitHub/ALT_Robotics_IDE/ros2_ws/install/atl_blockly_ide_py_pkg/share/atl_blockly_ide_py_pkg/hook/ament_prefix_path.ps1'
[0.529s] INFO:colcon.colcon_core.shell:Creating environment descriptor '/home/autretechlab/Documents/GitHub/ALT_Robotics_IDE/ros2_ws/install/atl_blockly_ide_py_pkg/share/atl_blockly_ide_py_pkg/hook/ament_prefix_path.dsv'
[0.530s] INFO:colcon.colcon_core.shell:Creating environment hook '/home/autretechlab/Documents/GitHub/ALT_Robotics_IDE/ros2_ws/install/atl_blockly_ide_py_pkg/share/atl_blockly_ide_py_pkg/hook/ament_prefix_path.sh'
[0.531s] INFO:colcon.colcon_core.shell:Skip shell extension 'powershell' for command environment: Not usable outside of PowerShell
[0.532s] DEBUG:colcon.colcon_core.shell:Skip shell extension 'dsv' for command environment
[0.544s] DEBUG:colcon.colcon_core.shell:Ignoring prefix path '/opt/ros/foxy'
[0.550s] INFO:colcon.colcon_ros.task.ament_cmake.build:Building ROS package in '/home/autretechlab/Documents/GitHub/ALT_Robotics_IDE/ros2_ws/src/atl_ide_interfaces' with build type 'ament_cmake'
[0.551s] INFO:colcon.colcon_cmake.task.cmake.build:Building CMake package in '/home/autretechlab/Documents/GitHub/ALT_Robotics_IDE/ros2_ws/src/atl_ide_interfaces'
[0.553s] INFO:colcon.colcon_core.shell:Skip shell extension 'powershell' for command environment: Not usable outside of PowerShell
[0.553s] DEBUG:colcon.colcon_core.shell:Skip shell extension 'dsv' for command environment
[0.558s] DEBUG:colcon.colcon_core.shell:Ignoring prefix path '/opt/ros/foxy'
[0.971s] INFO:colcon.colcon_core.task.python.build:Building Python package in '/home/autretechlab/Documents/GitHub/ALT_Robotics_IDE/ros2_ws/src/atl_blockly_ide_py_pkg'
[0.972s] INFO:colcon.colcon_core.shell:Skip shell extension 'powershell' for command environment: Not usable outside of PowerShell
[0.973s] DEBUG:colcon.colcon_core.shell:Skip shell extension 'dsv' for command environment
[0.978s] DEBUG:colcon.colcon_core.shell:Ignoring prefix path '/opt/ros/foxy'
[0.993s] DEBUG:colcon.colcon_core.event_handler.log_command:Invoking command in '/home/autretechlab/Documents/GitHub/ALT_Robotics_IDE/ros2_ws/build/atl_ide_interfaces': CMAKE_PREFIX_PATH=${CMAKE_PREFIX_PATH}:/home/autretechlab/Documents/GitHub/ALT_Robotics_IDE/ros2_ws/install/atl_blockly_ide_py_pkg:/home/autretechlab/Documents/GitHub/ATL_ThymioII_ROS2_bridge/install/thymio2_ros2_tutorials_py_pkg:/home/autretechlab/Documents/GitHub/ATL_ThymioII_ROS2_bridge/install/thymio2_ros2_bridge_py_pkg:/home/autretechlab/Documents/GitHub/ATL_ThymioII_ROS2_bridge/install/thymio2_ROS2_bridge_py_pkg:/opt/ros/foxy /usr/bin/cmake --build /home/autretechlab/Documents/GitHub/ALT_Robotics_IDE/ros2_ws/build/atl_ide_interfaces -- -j4 -l4
[1.014s] DEBUG:colcon.colcon_core.event_handler.log_command:Invoking command in '/home/autretechlab/Documents/GitHub/ALT_Robotics_IDE/ros2_ws/src/atl_blockly_ide_py_pkg': PYTHONPATH=/home/autretechlab/Documents/GitHub/ALT_Robotics_IDE/ros2_ws/install/atl_blockly_ide_py_pkg/lib/python3.8/site-packages:${PYTHONPATH} /usr/bin/python3 setup.py egg_info --egg-base ../../build/atl_blockly_ide_py_pkg build --build-base /home/autretechlab/Documents/GitHub/ALT_Robotics_IDE/ros2_ws/build/atl_blockly_ide_py_pkg/build install --prefix /home/autretechlab/Documents/GitHub/ALT_Robotics_IDE/ros2_ws/install/atl_blockly_ide_py_pkg --record /home/autretechlab/Documents/GitHub/ALT_Robotics_IDE/ros2_ws/build/atl_blockly_ide_py_pkg/install.log --single-version-externally-managed
[1.590s] DEBUG:colcon.colcon_core.event_handler.log_command:Invoked command in '/home/autretechlab/Documents/GitHub/ALT_Robotics_IDE/ros2_ws/src/atl_blockly_ide_py_pkg' returned '0': PYTHONPATH=/home/autretechlab/Documents/GitHub/ALT_Robotics_IDE/ros2_ws/install/atl_blockly_ide_py_pkg/lib/python3.8/site-packages:${PYTHONPATH} /usr/bin/python3 setup.py egg_info --egg-base ../../build/atl_blockly_ide_py_pkg build --build-base /home/autretechlab/Documents/GitHub/ALT_Robotics_IDE/ros2_ws/build/atl_blockly_ide_py_pkg/build install --prefix /home/autretechlab/Documents/GitHub/ALT_Robotics_IDE/ros2_ws/install/atl_blockly_ide_py_pkg --record /home/autretechlab/Documents/GitHub/ALT_Robotics_IDE/ros2_ws/build/atl_blockly_ide_py_pkg/install.log --single-version-externally-managed
[1.603s] Level 1:colcon.colcon_core.environment:checking '/home/autretechlab/Documents/GitHub/ALT_Robotics_IDE/ros2_ws/install/atl_blockly_ide_py_pkg' for CMake module files
[1.605s] Level 1:colcon.colcon_core.environment:checking '/home/autretechlab/Documents/GitHub/ALT_Robotics_IDE/ros2_ws/install/atl_blockly_ide_py_pkg' for CMake config files
[1.608s] Level 1:colcon.colcon_core.environment:checking '/home/autretechlab/Documents/GitHub/ALT_Robotics_IDE/ros2_ws/install/atl_blockly_ide_py_pkg/lib'
[1.609s] Level 1:colcon.colcon_core.environment:checking '/home/autretechlab/Documents/GitHub/ALT_Robotics_IDE/ros2_ws/install/atl_blockly_ide_py_pkg/bin'
[1.609s] Level 1:colcon.colcon_core.environment:checking '/home/autretechlab/Documents/GitHub/ALT_Robotics_IDE/ros2_ws/install/atl_blockly_ide_py_pkg/lib/pkgconfig/atl_blockly_ide_py_pkg.pc'
[1.609s] Level 1:colcon.colcon_core.environment:checking '/home/autretechlab/Documents/GitHub/ALT_Robotics_IDE/ros2_ws/install/atl_blockly_ide_py_pkg/lib/python3.8/site-packages'
[1.609s] Level 1:colcon.colcon_core.shell:create_environment_hook('atl_blockly_ide_py_pkg', 'pythonpath')
[1.610s] INFO:colcon.colcon_core.shell:Creating environment hook '/home/autretechlab/Documents/GitHub/ALT_Robotics_IDE/ros2_ws/install/atl_blockly_ide_py_pkg/share/atl_blockly_ide_py_pkg/hook/pythonpath.ps1'
[1.612s] INFO:colcon.colcon_core.shell:Creating environment descriptor '/home/autretechlab/Documents/GitHub/ALT_Robotics_IDE/ros2_ws/install/atl_blockly_ide_py_pkg/share/atl_blockly_ide_py_pkg/hook/pythonpath.dsv'
[1.613s] INFO:colcon.colcon_core.shell:Creating environment hook '/home/autretechlab/Documents/GitHub/ALT_Robotics_IDE/ros2_ws/install/atl_blockly_ide_py_pkg/share/atl_blockly_ide_py_pkg/hook/pythonpath.sh'
[1.614s] Level 1:colcon.colcon_core.environment:create_environment_scripts_only(atl_blockly_ide_py_pkg)
[1.615s] INFO:colcon.colcon_core.shell:Creating package script '/home/autretechlab/Documents/GitHub/ALT_Robotics_IDE/ros2_ws/install/atl_blockly_ide_py_pkg/share/atl_blockly_ide_py_pkg/package.ps1'
[1.617s] INFO:colcon.colcon_core.shell:Creating package descriptor '/home/autretechlab/Documents/GitHub/ALT_Robotics_IDE/ros2_ws/install/atl_blockly_ide_py_pkg/share/atl_blockly_ide_py_pkg/package.dsv'
[1.619s] INFO:colcon.colcon_core.shell:Creating package script '/home/autretechlab/Documents/GitHub/ALT_Robotics_IDE/ros2_ws/install/atl_blockly_ide_py_pkg/share/atl_blockly_ide_py_pkg/package.sh'
[1.621s] INFO:colcon.colcon_core.shell:Creating package script '/home/autretechlab/Documents/GitHub/ALT_Robotics_IDE/ros2_ws/install/atl_blockly_ide_py_pkg/share/atl_blockly_ide_py_pkg/package.bash'
[1.623s] INFO:colcon.colcon_core.shell:Creating package script '/home/autretechlab/Documents/GitHub/ALT_Robotics_IDE/ros2_ws/install/atl_blockly_ide_py_pkg/share/atl_blockly_ide_py_pkg/package.zsh'
[1.625s] Level 1:colcon.colcon_core.environment:create_file_with_runtime_dependencies(/home/autretechlab/Documents/GitHub/ALT_Robotics_IDE/ros2_ws/install/atl_blockly_ide_py_pkg/share/colcon-core/packages/atl_blockly_ide_py_pkg)
[1.628s] DEBUG:colcon.colcon_core.event_handler.log_command:Invoked command in '/home/autretechlab/Documents/GitHub/ALT_Robotics_IDE/ros2_ws/build/atl_ide_interfaces' returned '0': CMAKE_PREFIX_PATH=${CMAKE_PREFIX_PATH}:/home/autretechlab/Documents/GitHub/ALT_Robotics_IDE/ros2_ws/install/atl_blockly_ide_py_pkg:/home/autretechlab/Documents/GitHub/ATL_ThymioII_ROS2_bridge/install/thymio2_ros2_tutorials_py_pkg:/home/autretechlab/Documents/GitHub/ATL_ThymioII_ROS2_bridge/install/thymio2_ros2_bridge_py_pkg:/home/autretechlab/Documents/GitHub/ATL_ThymioII_ROS2_bridge/install/thymio2_ROS2_bridge_py_pkg:/opt/ros/foxy /usr/bin/cmake --build /home/autretechlab/Documents/GitHub/ALT_Robotics_IDE/ros2_ws/build/atl_ide_interfaces -- -j4 -l4
[1.726s] DEBUG:colcon.colcon_core.event_handler.log_command:Invoking command in '/home/autretechlab/Documents/GitHub/ALT_Robotics_IDE/ros2_ws/build/atl_ide_interfaces': CMAKE_PREFIX_PATH=${CMAKE_PREFIX_PATH}:/home/autretechlab/Documents/GitHub/ALT_Robotics_IDE/ros2_ws/install/atl_blockly_ide_py_pkg:/home/autretechlab/Documents/GitHub/ATL_ThymioII_ROS2_bridge/install/thymio2_ros2_tutorials_py_pkg:/home/autretechlab/Documents/GitHub/ATL_ThymioII_ROS2_bridge/install/thymio2_ros2_bridge_py_pkg:/home/autretechlab/Documents/GitHub/ATL_ThymioII_ROS2_bridge/install/thymio2_ROS2_bridge_py_pkg:/opt/ros/foxy /usr/bin/cmake --install /home/autretechlab/Documents/GitHub/ALT_Robotics_IDE/ros2_ws/build/atl_ide_interfaces
[1.858s] Level 1:colcon.colcon_core.environment:create_environment_scripts_only(atl_ide_interfaces)
[1.860s] Level 1:colcon.colcon_core.environment:checking '/home/autretechlab/Documents/GitHub/ALT_Robotics_IDE/ros2_ws/install/atl_ide_interfaces' for CMake module files
[1.862s] DEBUG:colcon.colcon_core.event_handler.log_command:Invoked command in '/home/autretechlab/Documents/GitHub/ALT_Robotics_IDE/ros2_ws/build/atl_ide_interfaces' returned '0': CMAKE_PREFIX_PATH=${CMAKE_PREFIX_PATH}:/home/autretechlab/Documents/GitHub/ALT_Robotics_IDE/ros2_ws/install/atl_blockly_ide_py_pkg:/home/autretechlab/Documents/GitHub/ATL_ThymioII_ROS2_bridge/install/thymio2_ros2_tutorials_py_pkg:/home/autretechlab/Documents/GitHub/ATL_ThymioII_ROS2_bridge/install/thymio2_ros2_bridge_py_pkg:/home/autretechlab/Documents/GitHub/ATL_ThymioII_ROS2_bridge/install/thymio2_ROS2_bridge_py_pkg:/opt/ros/foxy /usr/bin/cmake --install /home/autretechlab/Documents/GitHub/ALT_Robotics_IDE/ros2_ws/build/atl_ide_interfaces
[1.863s] Level 1:colcon.colcon_core.environment:checking '/home/autretechlab/Documents/GitHub/ALT_Robotics_IDE/ros2_ws/install/atl_ide_interfaces' for CMake config files
[1.864s] Level 1:colcon.colcon_core.shell:create_environment_hook('atl_ide_interfaces', 'cmake_prefix_path')
[1.865s] INFO:colcon.colcon_core.shell:Creating environment hook '/home/autretechlab/Documents/GitHub/ALT_Robotics_IDE/ros2_ws/install/atl_ide_interfaces/share/atl_ide_interfaces/hook/cmake_prefix_path.ps1'
[1.866s] INFO:colcon.colcon_core.shell:Creating environment descriptor '/home/autretechlab/Documents/GitHub/ALT_Robotics_IDE/ros2_ws/install/atl_ide_interfaces/share/atl_ide_interfaces/hook/cmake_prefix_path.dsv'
[1.866s] INFO:colcon.colcon_core.shell:Creating environment hook '/home/autretechlab/Documents/GitHub/ALT_Robotics_IDE/ros2_ws/install/atl_ide_interfaces/share/atl_ide_interfaces/hook/cmake_prefix_path.sh'
[1.867s] Level 1:colcon.colcon_core.environment:checking '/home/autretechlab/Documents/GitHub/ALT_Robotics_IDE/ros2_ws/install/atl_ide_interfaces/lib'
[1.867s] Level 1:colcon.colcon_core.shell:create_environment_hook('atl_ide_interfaces', 'ld_library_path_lib')
[1.868s] INFO:colcon.colcon_core.shell:Creating environment hook '/home/autretechlab/Documents/GitHub/ALT_Robotics_IDE/ros2_ws/install/atl_ide_interfaces/share/atl_ide_interfaces/hook/ld_library_path_lib.ps1'
[1.869s] INFO:colcon.colcon_core.shell:Creating environment descriptor '/home/autretechlab/Documents/GitHub/ALT_Robotics_IDE/ros2_ws/install/atl_ide_interfaces/share/atl_ide_interfaces/hook/ld_library_path_lib.dsv'
[1.869s] INFO:colcon.colcon_core.shell:Creating environment hook '/home/autretechlab/Documents/GitHub/ALT_Robotics_IDE/ros2_ws/install/atl_ide_interfaces/share/atl_ide_interfaces/hook/ld_library_path_lib.sh'
[1.869s] Level 1:colcon.colcon_core.environment:checking '/home/autretechlab/Documents/GitHub/ALT_Robotics_IDE/ros2_ws/install/atl_ide_interfaces/bin'
[1.869s] Level 1:colcon.colcon_core.environment:checking '/home/autretechlab/Documents/GitHub/ALT_Robotics_IDE/ros2_ws/install/atl_ide_interfaces/lib/pkgconfig/atl_ide_interfaces.pc'
[1.870s] Level 1:colcon.colcon_core.environment:checking '/home/autretechlab/Documents/GitHub/ALT_Robotics_IDE/ros2_ws/install/atl_ide_interfaces/lib/python3.8/site-packages'
[1.870s] Level 1:colcon.colcon_core.shell:create_environment_hook('atl_ide_interfaces', 'pythonpath')
[1.870s] INFO:colcon.colcon_core.shell:Creating environment hook '/home/autretechlab/Documents/GitHub/ALT_Robotics_IDE/ros2_ws/install/atl_ide_interfaces/share/atl_ide_interfaces/hook/pythonpath.ps1'
[1.871s] INFO:colcon.colcon_core.shell:Creating environment descriptor '/home/autretechlab/Documents/GitHub/ALT_Robotics_IDE/ros2_ws/install/atl_ide_interfaces/share/atl_ide_interfaces/hook/pythonpath.dsv'
[1.871s] INFO:colcon.colcon_core.shell:Creating environment hook '/home/autretechlab/Documents/GitHub/ALT_Robotics_IDE/ros2_ws/install/atl_ide_interfaces/share/atl_ide_interfaces/hook/pythonpath.sh'
[1.873s] INFO:colcon.colcon_core.shell:Creating package script '/home/autretechlab/Documents/GitHub/ALT_Robotics_IDE/ros2_ws/install/atl_ide_interfaces/share/atl_ide_interfaces/package.ps1'
[1.874s] INFO:colcon.colcon_core.shell:Creating package descriptor '/home/autretechlab/Documents/GitHub/ALT_Robotics_IDE/ros2_ws/install/atl_ide_interfaces/share/atl_ide_interfaces/package.dsv'
[1.875s] INFO:colcon.colcon_core.shell:Creating package script '/home/autretechlab/Documents/GitHub/ALT_Robotics_IDE/ros2_ws/install/atl_ide_interfaces/share/atl_ide_interfaces/package.sh'
[1.876s] INFO:colcon.colcon_core.shell:Creating package script '/home/autretechlab/Documents/GitHub/ALT_Robotics_IDE/ros2_ws/install/atl_ide_interfaces/share/atl_ide_interfaces/package.bash'
[1.876s] INFO:colcon.colcon_core.shell:Creating package script '/home/autretechlab/Documents/GitHub/ALT_Robotics_IDE/ros2_ws/install/atl_ide_interfaces/share/atl_ide_interfaces/package.zsh'
[1.877s] Level 1:colcon.colcon_core.environment:create_file_with_runtime_dependencies(/home/autretechlab/Documents/GitHub/ALT_Robotics_IDE/ros2_ws/install/atl_ide_interfaces/share/colcon-core/packages/atl_ide_interfaces)
[1.950s] Level 1:colcon.colcon_core.environment:create_environment_scripts_only(atl_ide_interfaces)
[1.952s] Level 1:colcon.colcon_core.environment:checking '/home/autretechlab/Documents/GitHub/ALT_Robotics_IDE/ros2_ws/install/atl_ide_interfaces' for CMake module files
[1.953s] Level 1:colcon.colcon_core.environment:checking '/home/autretechlab/Documents/GitHub/ALT_Robotics_IDE/ros2_ws/install/atl_ide_interfaces' for CMake config files
[1.954s] Level 1:colcon.colcon_core.shell:create_environment_hook('atl_ide_interfaces', 'cmake_prefix_path')
[1.956s] INFO:colcon.colcon_core.shell:Creating environment hook '/home/autretechlab/Documents/GitHub/ALT_Robotics_IDE/ros2_ws/install/atl_ide_interfaces/share/atl_ide_interfaces/hook/cmake_prefix_path.ps1'
[1.957s] INFO:colcon.colcon_core.shell:Creating environment descriptor '/home/autretechlab/Documents/GitHub/ALT_Robotics_IDE/ros2_ws/install/atl_ide_interfaces/share/atl_ide_interfaces/hook/cmake_prefix_path.dsv'
[1.958s] INFO:colcon.colcon_core.shell:Creating environment hook '/home/autretechlab/Documents/GitHub/ALT_Robotics_IDE/ros2_ws/install/atl_ide_interfaces/share/atl_ide_interfaces/hook/cmake_prefix_path.sh'
[1.959s] Level 1:colcon.colcon_core.environment:checking '/home/autretechlab/Documents/GitHub/ALT_Robotics_IDE/ros2_ws/install/atl_ide_interfaces/lib'
[1.959s] Level 1:colcon.colcon_core.shell:create_environment_hook('atl_ide_interfaces', 'ld_library_path_lib')
[1.960s] INFO:colcon.colcon_core.shell:Creating environment hook '/home/autretechlab/Documents/GitHub/ALT_Robotics_IDE/ros2_ws/install/atl_ide_interfaces/share/atl_ide_interfaces/hook/ld_library_path_lib.ps1'
[1.961s] INFO:colcon.colcon_core.shell:Creating environment descriptor '/home/autretechlab/Documents/GitHub/ALT_Robotics_IDE/ros2_ws/install/atl_ide_interfaces/share/atl_ide_interfaces/hook/ld_library_path_lib.dsv'
[1.962s] INFO:colcon.colcon_core.shell:Creating environment hook '/home/autretechlab/Documents/GitHub/ALT_Robotics_IDE/ros2_ws/install/atl_ide_interfaces/share/atl_ide_interfaces/hook/ld_library_path_lib.sh'
[1.962s] Level 1:colcon.colcon_core.environment:checking '/home/autretechlab/Documents/GitHub/ALT_Robotics_IDE/ros2_ws/install/atl_ide_interfaces/bin'
[1.962s] Level 1:colcon.colcon_core.environment:checking '/home/autretechlab/Documents/GitHub/ALT_Robotics_IDE/ros2_ws/install/atl_ide_interfaces/lib/pkgconfig/atl_ide_interfaces.pc'
[1.962s] Level 1:colcon.colcon_core.environment:checking '/home/autretechlab/Documents/GitHub/ALT_Robotics_IDE/ros2_ws/install/atl_ide_interfaces/lib/python3.8/site-packages'
[1.962s] Level 1:colcon.colcon_core.shell:create_environment_hook('atl_ide_interfaces', 'pythonpath')
[1.963s] INFO:colcon.colcon_core.shell:Creating environment hook '/home/autretechlab/Documents/GitHub/ALT_Robotics_IDE/ros2_ws/install/atl_ide_interfaces/share/atl_ide_interfaces/hook/pythonpath.ps1'
[1.963s] INFO:colcon.colcon_core.shell:Creating environment descriptor '/home/autretechlab/Documents/GitHub/ALT_Robotics_IDE/ros2_ws/install/atl_ide_interfaces/share/atl_ide_interfaces/hook/pythonpath.dsv'
[1.964s] INFO:colcon.colcon_core.shell:Creating environment hook '/home/autretechlab/Documents/GitHub/ALT_Robotics_IDE/ros2_ws/install/atl_ide_interfaces/share/atl_ide_interfaces/hook/pythonpath.sh'
[1.965s] INFO:colcon.colcon_core.shell:Creating package script '/home/autretechlab/Documents/GitHub/ALT_Robotics_IDE/ros2_ws/install/atl_ide_interfaces/share/atl_ide_interfaces/package.ps1'
[1.966s] INFO:colcon.colcon_core.shell:Creating package descriptor '/home/autretechlab/Documents/GitHub/ALT_Robotics_IDE/ros2_ws/install/atl_ide_interfaces/share/atl_ide_interfaces/package.dsv'
[1.967s] INFO:colcon.colcon_core.shell:Creating package script '/home/autretechlab/Documents/GitHub/ALT_Robotics_IDE/ros2_ws/install/atl_ide_interfaces/share/atl_ide_interfaces/package.sh'
[1.967s] INFO:colcon.colcon_core.shell:Creating package script '/home/autretechlab/Documents/GitHub/ALT_Robotics_IDE/ros2_ws/install/atl_ide_interfaces/share/atl_ide_interfaces/package.bash'
[1.968s] INFO:colcon.colcon_core.shell:Creating package script '/home/autretechlab/Documents/GitHub/ALT_Robotics_IDE/ros2_ws/install/atl_ide_interfaces/share/atl_ide_interfaces/package.zsh'
[1.968s] Level 1:colcon.colcon_core.environment:create_file_with_runtime_dependencies(/home/autretechlab/Documents/GitHub/ALT_Robotics_IDE/ros2_ws/install/atl_ide_interfaces/share/colcon-core/packages/atl_ide_interfaces)
[1.969s] DEBUG:colcon.colcon_parallel_executor.executor.parallel:closing loop
[1.970s] DEBUG:colcon.colcon_parallel_executor.executor.parallel:loop closed
[1.970s] DEBUG:colcon.colcon_parallel_executor.executor.parallel:run_until_complete finished with '0'
[1.971s] DEBUG:colcon.colcon_core.event_reactor:joining thread
[2.002s] INFO:colcon.colcon_core.plugin_system:Skipping extension 'colcon_notification.desktop_notification.terminal_notifier': Not used on non-Darwin systems
[2.002s] INFO:colcon.colcon_core.plugin_system:Skipping extension 'colcon_notification.desktop_notification.win32': Not used on non-Windows systems
[2.002s] INFO:colcon.colcon_notification.desktop_notification:Sending desktop notification using 'notify2'
[2.070s] DEBUG:colcon.colcon_core.event_reactor:joined thread
[2.072s] INFO:colcon.colcon_core.shell:Creating prefix script '/home/autretechlab/Documents/GitHub/ALT_Robotics_IDE/ros2_ws/install/local_setup.ps1'
[2.074s] INFO:colcon.colcon_core.shell:Creating prefix util module '/home/autretechlab/Documents/GitHub/ALT_Robotics_IDE/ros2_ws/install/_local_setup_util_ps1.py'
[2.077s] INFO:colcon.colcon_core.shell:Creating prefix chain script '/home/autretechlab/Documents/GitHub/ALT_Robotics_IDE/ros2_ws/install/setup.ps1'
[2.083s] INFO:colcon.colcon_core.shell:Creating prefix script '/home/autretechlab/Documents/GitHub/ALT_Robotics_IDE/ros2_ws/install/local_setup.sh'
[2.084s] INFO:colcon.colcon_core.shell:Creating prefix util module '/home/autretechlab/Documents/GitHub/ALT_Robotics_IDE/ros2_ws/install/_local_setup_util_sh.py'
[2.085s] INFO:colcon.colcon_core.shell:Creating prefix chain script '/home/autretechlab/Documents/GitHub/ALT_Robotics_IDE/ros2_ws/install/setup.sh'
[2.089s] INFO:colcon.colcon_core.shell:Creating prefix script '/home/autretechlab/Documents/GitHub/ALT_Robotics_IDE/ros2_ws/install/local_setup.bash'
[2.090s] INFO:colcon.colcon_core.shell:Creating prefix chain script '/home/autretechlab/Documents/GitHub/ALT_Robotics_IDE/ros2_ws/install/setup.bash'
[2.094s] INFO:colcon.colcon_core.shell:Creating prefix script '/home/autretechlab/Documents/GitHub/ALT_Robotics_IDE/ros2_ws/install/local_setup.zsh'
[2.095s] INFO:colcon.colcon_core.shell:Creating prefix chain script '/home/autretechlab/Documents/GitHub/ALT_Robotics_IDE/ros2_ws/install/setup.zsh'
