[0.309s] Invoking command in '/home/autretechlab/Documents/GitHub/ALT_Robotics_IDE/ros2_ws/build/atl_ide_interfaces': CMAKE_PREFIX_PATH=${CMAKE_PREFIX_PATH}:/home/autretechlab/Documents/GitHub/ATL_ThymioII_ROS2_bridge/install/thymio2_ros2_tutorials_py_pkg:/home/autretechlab/Documents/GitHub/ATL_ThymioII_ROS2_bridge/install/thymio2_ros2_bridge_py_pkg:/home/autretechlab/Documents/GitHub/ATL_ThymioII_ROS2_bridge/install/thymio2_ROS2_bridge_py_pkg:/opt/ros/foxy /usr/bin/cmake /home/autretechlab/Documents/GitHub/ALT_Robotics_IDE/ros2_ws/src/atl_ide_interfaces -DCMAKE_INSTALL_PREFIX=/home/autretechlab/Documents/GitHub/ALT_Robotics_IDE/ros2_ws/install/atl_ide_interfaces
[0.408s] -- The C compiler identification is GNU 9.3.0
[0.497s] -- The CXX compiler identification is GNU 9.3.0
[0.504s] -- Check for working C compiler: /usr/bin/cc
[0.603s] -- Check for working C compiler: /usr/bin/cc -- works
[0.604s] -- Detecting C compiler ABI info
[0.701s] -- Detecting C compiler ABI info - done
[0.730s] -- Detecting C compile features
[0.731s] -- Detecting C compile features - done
[0.737s] -- Check for working CXX compiler: /usr/bin/c++
[0.859s] -- Check for working CXX compiler: /usr/bin/c++ -- works
[0.861s] -- Detecting CXX compiler ABI info
[0.991s] -- Detecting CXX compiler ABI info - done
[1.010s] -- Detecting CXX compile features
[1.011s] -- Detecting CXX compile features - done
[1.014s] -- Found ament_cmake: 0.9.6 (/opt/ros/foxy/share/ament_cmake/cmake)
[1.052s] -- Found PythonInterp: /usr/bin/python3 (found suitable version "3.8.5", minimum required is "3") 
[1.053s] -- Using PYTHON_EXECUTABLE: /usr/bin/python3
[1.311s] -- Found rosidl_default_generators: 1.0.0 (/opt/ros/foxy/share/rosidl_default_generators/cmake)
[1.317s] -- Using all available rosidl_typesupport_c: rosidl_typesupport_fastrtps_c;rosidl_typesupport_introspection_c
[1.327s] -- Found rosidl_adapter: 1.1.0 (/opt/ros/foxy/share/rosidl_adapter/cmake)
[1.468s] -- Found OpenSSL: /usr/lib/x86_64-linux-gnu/libcrypto.so (found version "1.1.1f")  
[1.503s] -- Found FastRTPS: /opt/ros/foxy/include  
[1.615s] -- Using all available rosidl_typesupport_cpp: rosidl_typesupport_fastrtps_cpp;rosidl_typesupport_introspection_cpp
[1.689s] -- Found PythonInterp: /usr/bin/python3 (found version "3.8.5") 
[1.848s] -- Found ament_cmake_ros: 0.9.0 (/opt/ros/foxy/share/ament_cmake_ros/cmake)
[1.968s] -- Using all available rosidl_typesupport_c: rosidl_typesupport_fastrtps_c;rosidl_typesupport_introspection_c
[1.978s] -- Using all available rosidl_typesupport_cpp: rosidl_typesupport_fastrtps_cpp;rosidl_typesupport_introspection_cpp
[2.015s] -- Found PythonInterp: /usr/bin/python3 (found suitable version "3.8.5", minimum required is "3.5") 
[2.019s] -- Found python_cmake_module: 0.8.0 (/opt/ros/foxy/share/python_cmake_module/cmake)
[2.064s] -- Found PythonLibs: /usr/lib/x86_64-linux-gnu/libpython3.8.so (found suitable version "3.8.5", minimum required is "3.5") 
[2.064s] -- Using PYTHON_EXECUTABLE: /usr/bin/python3
[2.064s] -- Using PYTHON_INCLUDE_DIRS: /usr/include/python3.8
[2.064s] -- Using PYTHON_LIBRARIES: /usr/lib/x86_64-linux-gnu/libpython3.8.so
[2.099s] -- Found PythonExtra: .so  
[2.178s] -- Configuring done
[2.216s] -- Generating done
[2.220s] -- Build files have been written to: /home/autretechlab/Documents/GitHub/ALT_Robotics_IDE/ros2_ws/build/atl_ide_interfaces
[2.229s] Invoked command in '/home/autretechlab/Documents/GitHub/ALT_Robotics_IDE/ros2_ws/build/atl_ide_interfaces' returned '0': CMAKE_PREFIX_PATH=${CMAKE_PREFIX_PATH}:/home/autretechlab/Documents/GitHub/ATL_ThymioII_ROS2_bridge/install/thymio2_ros2_tutorials_py_pkg:/home/autretechlab/Documents/GitHub/ATL_ThymioII_ROS2_bridge/install/thymio2_ros2_bridge_py_pkg:/home/autretechlab/Documents/GitHub/ATL_ThymioII_ROS2_bridge/install/thymio2_ROS2_bridge_py_pkg:/opt/ros/foxy /usr/bin/cmake /home/autretechlab/Documents/GitHub/ALT_Robotics_IDE/ros2_ws/src/atl_ide_interfaces -DCMAKE_INSTALL_PREFIX=/home/autretechlab/Documents/GitHub/ALT_Robotics_IDE/ros2_ws/install/atl_ide_interfaces
[2.233s] Invoking command in '/home/autretechlab/Documents/GitHub/ALT_Robotics_IDE/ros2_ws/build/atl_ide_interfaces': CMAKE_PREFIX_PATH=${CMAKE_PREFIX_PATH}:/home/autretechlab/Documents/GitHub/ATL_ThymioII_ROS2_bridge/install/thymio2_ros2_tutorials_py_pkg:/home/autretechlab/Documents/GitHub/ATL_ThymioII_ROS2_bridge/install/thymio2_ros2_bridge_py_pkg:/home/autretechlab/Documents/GitHub/ATL_ThymioII_ROS2_bridge/install/thymio2_ROS2_bridge_py_pkg:/opt/ros/foxy /usr/bin/cmake --build /home/autretechlab/Documents/GitHub/ALT_Robotics_IDE/ros2_ws/build/atl_ide_interfaces -- -j4 -l4
[2.308s] [  3%] [34m[1mGenerating C code for ROS interfaces[0m
[2.308s] [35m[1mScanning dependencies of target atl_ide_interfaces__cpp[0m
[2.324s] [  6%] [34m[1mGenerating C++ code for ROS interfaces[0m
[2.662s] [  6%] Built target atl_ide_interfaces__cpp
[2.662s] [35m[1mScanning dependencies of target atl_ide_interfaces__rosidl_generator_c[0m
[2.678s] [  9%] [34m[1mGenerating C++ introspection for ROS interfaces[0m
[2.680s] [ 12%] [34m[1mGenerating C++ type support dispatch for ROS interfaces[0m
[2.681s] [ 16%] [34m[1mGenerating C++ type support for eProsima Fast-RTPS[0m
[2.687s] [ 19%] [32mBuilding C object CMakeFiles/atl_ide_interfaces__rosidl_generator_c.dir/rosidl_generator_c/atl_ide_interfaces/msg/detail/idewebapp__functions.c.o[0m
[2.766s] [ 22%] [32m[1mLinking C shared library libatl_ide_interfaces__rosidl_generator_c.so[0m
[2.832s] [ 22%] Built target atl_ide_interfaces__rosidl_generator_c
[2.852s] [ 25%] [34m[1mGenerating C introspection for ROS interfaces[0m
[3.186s] [35m[1mScanning dependencies of target atl_ide_interfaces__rosidl_typesupport_cpp[0m
[3.209s] [ 29%] [32mBuilding CXX object CMakeFiles/atl_ide_interfaces__rosidl_typesupport_cpp.dir/rosidl_typesupport_cpp/atl_ide_interfaces/msg/idewebapp__type_support.cpp.o[0m
[3.222s] [35m[1mScanning dependencies of target atl_ide_interfaces__rosidl_typesupport_introspection_cpp[0m
[3.230s] [35m[1mScanning dependencies of target atl_ide_interfaces__rosidl_typesupport_fastrtps_cpp[0m
[3.246s] [ 32%] [32mBuilding CXX object CMakeFiles/atl_ide_interfaces__rosidl_typesupport_introspection_cpp.dir/rosidl_typesupport_introspection_cpp/atl_ide_interfaces/msg/detail/idewebapp__type_support.cpp.o[0m
[3.264s] [ 35%] [32mBuilding CXX object CMakeFiles/atl_ide_interfaces__rosidl_typesupport_fastrtps_cpp.dir/rosidl_typesupport_fastrtps_cpp/atl_ide_interfaces/msg/detail/dds_fastrtps/idewebapp__type_support.cpp.o[0m
[3.388s] [35m[1mScanning dependencies of target atl_ide_interfaces__rosidl_typesupport_introspection_c[0m
[3.412s] [ 38%] [32mBuilding C object CMakeFiles/atl_ide_interfaces__rosidl_typesupport_introspection_c.dir/rosidl_typesupport_introspection_c/atl_ide_interfaces/msg/detail/idewebapp__type_support.c.o[0m
[3.478s] [ 41%] [32m[1mLinking C shared library libatl_ide_interfaces__rosidl_typesupport_introspection_c.so[0m
[3.534s] [ 41%] Built target atl_ide_interfaces__rosidl_typesupport_introspection_c
[3.554s] [ 45%] [34m[1mGenerating C type support dispatch for ROS interfaces[0m
[3.949s] [ 48%] [32m[1mLinking CXX shared library libatl_ide_interfaces__rosidl_typesupport_cpp.so[0m
[3.990s] [ 51%] [32m[1mLinking CXX shared library libatl_ide_interfaces__rosidl_typesupport_introspection_cpp.so[0m
[4.023s] [ 51%] Built target atl_ide_interfaces__rosidl_typesupport_cpp
[4.087s] [35m[1mScanning dependencies of target atl_ide_interfaces__rosidl_typesupport_c[0m
[4.095s] [ 51%] Built target atl_ide_interfaces__rosidl_typesupport_introspection_cpp
[4.105s] [ 54%] [32mBuilding CXX object CMakeFiles/atl_ide_interfaces__rosidl_typesupport_c.dir/rosidl_typesupport_c/atl_ide_interfaces/msg/idewebapp__type_support.cpp.o[0m
[4.149s] [ 58%] [32m[1mLinking CXX shared library libatl_ide_interfaces__rosidl_typesupport_c.so[0m
[4.200s] [ 58%] Built target atl_ide_interfaces__rosidl_typesupport_c
[4.282s] [ 61%] [32m[1mLinking CXX shared library libatl_ide_interfaces__rosidl_typesupport_fastrtps_cpp.so[0m
[4.394s] [ 61%] Built target atl_ide_interfaces__rosidl_typesupport_fastrtps_cpp
[4.413s] [ 64%] [34m[1mGenerating C type support for eProsima Fast-RTPS[0m
[4.714s] [35m[1mScanning dependencies of target atl_ide_interfaces__rosidl_typesupport_fastrtps_c[0m
[4.739s] [ 67%] [32mBuilding CXX object CMakeFiles/atl_ide_interfaces__rosidl_typesupport_fastrtps_c.dir/rosidl_typesupport_fastrtps_c/atl_ide_interfaces/msg/detail/idewebapp__type_support_c.cpp.o[0m
[5.241s] [ 70%] [32m[1mLinking CXX shared library libatl_ide_interfaces__rosidl_typesupport_fastrtps_c.so[0m
[5.352s] [ 70%] Built target atl_ide_interfaces__rosidl_typesupport_fastrtps_c
[5.368s] [35m[1mScanning dependencies of target atl_ide_interfaces[0m
[5.388s] [ 70%] Built target atl_ide_interfaces
[5.406s] [35m[1mScanning dependencies of target atl_ide_interfaces__py[0m
[5.426s] [ 74%] [34m[1mGenerating Python code for ROS interfaces[0m
[5.929s] [ 74%] Built target atl_ide_interfaces__py
[5.946s] [35m[1mScanning dependencies of target atl_ide_interfaces__python[0m
[5.979s] [ 77%] [32mBuilding C object CMakeFiles/atl_ide_interfaces__python.dir/rosidl_generator_py/atl_ide_interfaces/msg/_idewebapp_s.c.o[0m
[6.111s] [ 80%] [32m[1mLinking C shared library rosidl_generator_py/atl_ide_interfaces/libatl_ide_interfaces__python.so[0m
[6.173s] [ 80%] Built target atl_ide_interfaces__python
[6.186s] [35m[1mScanning dependencies of target atl_ide_interfaces__rosidl_typesupport_introspection_c__pyext[0m
[6.192s] [35m[1mScanning dependencies of target atl_ide_interfaces__rosidl_typesupport_c__pyext[0m
[6.192s] [35m[1mScanning dependencies of target atl_ide_interfaces__rosidl_typesupport_fastrtps_c__pyext[0m
[6.210s] [ 83%] [32mBuilding C object CMakeFiles/atl_ide_interfaces__rosidl_typesupport_introspection_c__pyext.dir/rosidl_generator_py/atl_ide_interfaces/_atl_ide_interfaces_s.ep.rosidl_typesupport_introspection_c.c.o[0m
[6.223s] [ 87%] [32mBuilding C object CMakeFiles/atl_ide_interfaces__rosidl_typesupport_c__pyext.dir/rosidl_generator_py/atl_ide_interfaces/_atl_ide_interfaces_s.ep.rosidl_typesupport_c.c.o[0m
[6.229s] [ 90%] [32mBuilding C object CMakeFiles/atl_ide_interfaces__rosidl_typesupport_fastrtps_c__pyext.dir/rosidl_generator_py/atl_ide_interfaces/_atl_ide_interfaces_s.ep.rosidl_typesupport_fastrtps_c.c.o[0m
[6.330s] [ 93%] [32m[1mLinking C shared library rosidl_generator_py/atl_ide_interfaces/atl_ide_interfaces_s__rosidl_typesupport_introspection_c.cpython-38-x86_64-linux-gnu.so[0m
[6.374s] [ 93%] Built target atl_ide_interfaces__rosidl_typesupport_introspection_c__pyext
[6.394s] [ 96%] [32m[1mLinking C shared library rosidl_generator_py/atl_ide_interfaces/atl_ide_interfaces_s__rosidl_typesupport_c.cpython-38-x86_64-linux-gnu.so[0m
[6.404s] [100%] [32m[1mLinking CXX shared library rosidl_generator_py/atl_ide_interfaces/atl_ide_interfaces_s__rosidl_typesupport_fastrtps_c.cpython-38-x86_64-linux-gnu.so[0m
[6.446s] [100%] Built target atl_ide_interfaces__rosidl_typesupport_c__pyext
[6.497s] [100%] Built target atl_ide_interfaces__rosidl_typesupport_fastrtps_c__pyext
[6.513s] Invoked command in '/home/autretechlab/Documents/GitHub/ALT_Robotics_IDE/ros2_ws/build/atl_ide_interfaces' returned '0': CMAKE_PREFIX_PATH=${CMAKE_PREFIX_PATH}:/home/autretechlab/Documents/GitHub/ATL_ThymioII_ROS2_bridge/install/thymio2_ros2_tutorials_py_pkg:/home/autretechlab/Documents/GitHub/ATL_ThymioII_ROS2_bridge/install/thymio2_ros2_bridge_py_pkg:/home/autretechlab/Documents/GitHub/ATL_ThymioII_ROS2_bridge/install/thymio2_ROS2_bridge_py_pkg:/opt/ros/foxy /usr/bin/cmake --build /home/autretechlab/Documents/GitHub/ALT_Robotics_IDE/ros2_ws/build/atl_ide_interfaces -- -j4 -l4
[6.601s] Invoking command in '/home/autretechlab/Documents/GitHub/ALT_Robotics_IDE/ros2_ws/build/atl_ide_interfaces': CMAKE_PREFIX_PATH=${CMAKE_PREFIX_PATH}:/home/autretechlab/Documents/GitHub/ATL_ThymioII_ROS2_bridge/install/thymio2_ros2_tutorials_py_pkg:/home/autretechlab/Documents/GitHub/ATL_ThymioII_ROS2_bridge/install/thymio2_ros2_bridge_py_pkg:/home/autretechlab/Documents/GitHub/ATL_ThymioII_ROS2_bridge/install/thymio2_ROS2_bridge_py_pkg:/opt/ros/foxy /usr/bin/cmake --install /home/autretechlab/Documents/GitHub/ALT_Robotics_IDE/ros2_ws/build/atl_ide_interfaces
[6.617s] -- Install configuration: ""
[6.617s] -- Installing: /home/autretechlab/Documents/GitHub/ALT_Robotics_IDE/ros2_ws/install/atl_ide_interfaces/share/ament_index/resource_index/rosidl_interfaces/atl_ide_interfaces
[6.618s] -- Installing: /home/autretechlab/Documents/GitHub/ALT_Robotics_IDE/ros2_ws/install/atl_ide_interfaces/include/atl_ide_interfaces
[6.618s] -- Installing: /home/autretechlab/Documents/GitHub/ALT_Robotics_IDE/ros2_ws/install/atl_ide_interfaces/include/atl_ide_interfaces/msg
[6.618s] -- Installing: /home/autretechlab/Documents/GitHub/ALT_Robotics_IDE/ros2_ws/install/atl_ide_interfaces/include/atl_ide_interfaces/msg/rosidl_generator_c__visibility_control.h
[6.618s] -- Installing: /home/autretechlab/Documents/GitHub/ALT_Robotics_IDE/ros2_ws/install/atl_ide_interfaces/include/atl_ide_interfaces/msg/idewebapp.h
[6.619s] -- Installing: /home/autretechlab/Documents/GitHub/ALT_Robotics_IDE/ros2_ws/install/atl_ide_interfaces/include/atl_ide_interfaces/msg/detail
[6.619s] -- Installing: /home/autretechlab/Documents/GitHub/ALT_Robotics_IDE/ros2_ws/install/atl_ide_interfaces/include/atl_ide_interfaces/msg/detail/idewebapp__functions.h
[6.619s] -- Installing: /home/autretechlab/Documents/GitHub/ALT_Robotics_IDE/ros2_ws/install/atl_ide_interfaces/include/atl_ide_interfaces/msg/detail/idewebapp__functions.c
[6.619s] -- Installing: /home/autretechlab/Documents/GitHub/ALT_Robotics_IDE/ros2_ws/install/atl_ide_interfaces/include/atl_ide_interfaces/msg/detail/idewebapp__struct.h
[6.620s] -- Installing: /home/autretechlab/Documents/GitHub/ALT_Robotics_IDE/ros2_ws/install/atl_ide_interfaces/include/atl_ide_interfaces/msg/detail/idewebapp__type_support.h
[6.620s] -- Installing: /home/autretechlab/Documents/GitHub/ALT_Robotics_IDE/ros2_ws/install/atl_ide_interfaces/share/atl_ide_interfaces/environment/library_path.sh
[6.620s] -- Installing: /home/autretechlab/Documents/GitHub/ALT_Robotics_IDE/ros2_ws/install/atl_ide_interfaces/share/atl_ide_interfaces/environment/library_path.dsv
[6.620s] -- Installing: /home/autretechlab/Documents/GitHub/ALT_Robotics_IDE/ros2_ws/install/atl_ide_interfaces/lib/libatl_ide_interfaces__rosidl_generator_c.so
[6.620s] -- Set runtime path of "/home/autretechlab/Documents/GitHub/ALT_Robotics_IDE/ros2_ws/install/atl_ide_interfaces/lib/libatl_ide_interfaces__rosidl_generator_c.so" to ""
[6.621s] -- Up-to-date: /home/autretechlab/Documents/GitHub/ALT_Robotics_IDE/ros2_ws/install/atl_ide_interfaces/include/atl_ide_interfaces
[6.621s] -- Up-to-date: /home/autretechlab/Documents/GitHub/ALT_Robotics_IDE/ros2_ws/install/atl_ide_interfaces/include/atl_ide_interfaces/msg
[6.621s] -- Installing: /home/autretechlab/Documents/GitHub/ALT_Robotics_IDE/ros2_ws/install/atl_ide_interfaces/include/atl_ide_interfaces/msg/rosidl_typesupport_fastrtps_c__visibility_control.h
[6.621s] -- Up-to-date: /home/autretechlab/Documents/GitHub/ALT_Robotics_IDE/ros2_ws/install/atl_ide_interfaces/include/atl_ide_interfaces/msg/detail
[6.622s] -- Installing: /home/autretechlab/Documents/GitHub/ALT_Robotics_IDE/ros2_ws/install/atl_ide_interfaces/include/atl_ide_interfaces/msg/detail/idewebapp__rosidl_typesupport_fastrtps_c.h
[6.622s] -- Installing: /home/autretechlab/Documents/GitHub/ALT_Robotics_IDE/ros2_ws/install/atl_ide_interfaces/lib/libatl_ide_interfaces__rosidl_typesupport_fastrtps_c.so
[6.622s] -- Set runtime path of "/home/autretechlab/Documents/GitHub/ALT_Robotics_IDE/ros2_ws/install/atl_ide_interfaces/lib/libatl_ide_interfaces__rosidl_typesupport_fastrtps_c.so" to ""
[6.622s] -- Up-to-date: /home/autretechlab/Documents/GitHub/ALT_Robotics_IDE/ros2_ws/install/atl_ide_interfaces/include/atl_ide_interfaces
[6.623s] -- Up-to-date: /home/autretechlab/Documents/GitHub/ALT_Robotics_IDE/ros2_ws/install/atl_ide_interfaces/include/atl_ide_interfaces/msg
[6.623s] -- Installing: /home/autretechlab/Documents/GitHub/ALT_Robotics_IDE/ros2_ws/install/atl_ide_interfaces/include/atl_ide_interfaces/msg/rosidl_typesupport_fastrtps_cpp__visibility_control.h
[6.623s] -- Up-to-date: /home/autretechlab/Documents/GitHub/ALT_Robotics_IDE/ros2_ws/install/atl_ide_interfaces/include/atl_ide_interfaces/msg/detail
[6.623s] -- Installing: /home/autretechlab/Documents/GitHub/ALT_Robotics_IDE/ros2_ws/install/atl_ide_interfaces/include/atl_ide_interfaces/msg/detail/idewebapp__rosidl_typesupport_fastrtps_cpp.hpp
[6.624s] -- Installing: /home/autretechlab/Documents/GitHub/ALT_Robotics_IDE/ros2_ws/install/atl_ide_interfaces/include/atl_ide_interfaces/msg/detail/dds_fastrtps
[6.624s] -- Installing: /home/autretechlab/Documents/GitHub/ALT_Robotics_IDE/ros2_ws/install/atl_ide_interfaces/lib/libatl_ide_interfaces__rosidl_typesupport_fastrtps_cpp.so
[6.624s] -- Set runtime path of "/home/autretechlab/Documents/GitHub/ALT_Robotics_IDE/ros2_ws/install/atl_ide_interfaces/lib/libatl_ide_interfaces__rosidl_typesupport_fastrtps_cpp.so" to ""
[6.624s] -- Up-to-date: /home/autretechlab/Documents/GitHub/ALT_Robotics_IDE/ros2_ws/install/atl_ide_interfaces/include/atl_ide_interfaces
[6.625s] -- Up-to-date: /home/autretechlab/Documents/GitHub/ALT_Robotics_IDE/ros2_ws/install/atl_ide_interfaces/include/atl_ide_interfaces/msg
[6.625s] -- Installing: /home/autretechlab/Documents/GitHub/ALT_Robotics_IDE/ros2_ws/install/atl_ide_interfaces/include/atl_ide_interfaces/msg/rosidl_typesupport_introspection_c__visibility_control.h
[6.625s] -- Up-to-date: /home/autretechlab/Documents/GitHub/ALT_Robotics_IDE/ros2_ws/install/atl_ide_interfaces/include/atl_ide_interfaces/msg/detail
[6.625s] -- Installing: /home/autretechlab/Documents/GitHub/ALT_Robotics_IDE/ros2_ws/install/atl_ide_interfaces/include/atl_ide_interfaces/msg/detail/idewebapp__rosidl_typesupport_introspection_c.h
[6.625s] -- Installing: /home/autretechlab/Documents/GitHub/ALT_Robotics_IDE/ros2_ws/install/atl_ide_interfaces/include/atl_ide_interfaces/msg/detail/idewebapp__type_support.c
[6.626s] -- Installing: /home/autretechlab/Documents/GitHub/ALT_Robotics_IDE/ros2_ws/install/atl_ide_interfaces/lib/libatl_ide_interfaces__rosidl_typesupport_introspection_c.so
[6.626s] -- Set runtime path of "/home/autretechlab/Documents/GitHub/ALT_Robotics_IDE/ros2_ws/install/atl_ide_interfaces/lib/libatl_ide_interfaces__rosidl_typesupport_introspection_c.so" to ""
[6.626s] -- Installing: /home/autretechlab/Documents/GitHub/ALT_Robotics_IDE/ros2_ws/install/atl_ide_interfaces/lib/libatl_ide_interfaces__rosidl_typesupport_c.so
[6.627s] -- Set runtime path of "/home/autretechlab/Documents/GitHub/ALT_Robotics_IDE/ros2_ws/install/atl_ide_interfaces/lib/libatl_ide_interfaces__rosidl_typesupport_c.so" to ""
[6.627s] -- Up-to-date: /home/autretechlab/Documents/GitHub/ALT_Robotics_IDE/ros2_ws/install/atl_ide_interfaces/include/atl_ide_interfaces
[6.627s] -- Up-to-date: /home/autretechlab/Documents/GitHub/ALT_Robotics_IDE/ros2_ws/install/atl_ide_interfaces/include/atl_ide_interfaces/msg
[6.627s] -- Installing: /home/autretechlab/Documents/GitHub/ALT_Robotics_IDE/ros2_ws/install/atl_ide_interfaces/include/atl_ide_interfaces/msg/idewebapp.hpp
[6.628s] -- Up-to-date: /home/autretechlab/Documents/GitHub/ALT_Robotics_IDE/ros2_ws/install/atl_ide_interfaces/include/atl_ide_interfaces/msg/detail
[6.628s] -- Installing: /home/autretechlab/Documents/GitHub/ALT_Robotics_IDE/ros2_ws/install/atl_ide_interfaces/include/atl_ide_interfaces/msg/detail/idewebapp__struct.hpp
[6.628s] -- Installing: /home/autretechlab/Documents/GitHub/ALT_Robotics_IDE/ros2_ws/install/atl_ide_interfaces/include/atl_ide_interfaces/msg/detail/idewebapp__builder.hpp
[6.628s] -- Installing: /home/autretechlab/Documents/GitHub/ALT_Robotics_IDE/ros2_ws/install/atl_ide_interfaces/include/atl_ide_interfaces/msg/detail/idewebapp__traits.hpp
[6.629s] -- Up-to-date: /home/autretechlab/Documents/GitHub/ALT_Robotics_IDE/ros2_ws/install/atl_ide_interfaces/include/atl_ide_interfaces
[6.629s] -- Up-to-date: /home/autretechlab/Documents/GitHub/ALT_Robotics_IDE/ros2_ws/install/atl_ide_interfaces/include/atl_ide_interfaces/msg
[6.629s] -- Up-to-date: /home/autretechlab/Documents/GitHub/ALT_Robotics_IDE/ros2_ws/install/atl_ide_interfaces/include/atl_ide_interfaces/msg/detail
[6.629s] -- Installing: /home/autretechlab/Documents/GitHub/ALT_Robotics_IDE/ros2_ws/install/atl_ide_interfaces/include/atl_ide_interfaces/msg/detail/idewebapp__rosidl_typesupport_introspection_cpp.hpp
[6.629s] -- Installing: /home/autretechlab/Documents/GitHub/ALT_Robotics_IDE/ros2_ws/install/atl_ide_interfaces/include/atl_ide_interfaces/msg/detail/idewebapp__type_support.cpp
[6.630s] -- Installing: /home/autretechlab/Documents/GitHub/ALT_Robotics_IDE/ros2_ws/install/atl_ide_interfaces/lib/libatl_ide_interfaces__rosidl_typesupport_introspection_cpp.so
[6.630s] -- Set runtime path of "/home/autretechlab/Documents/GitHub/ALT_Robotics_IDE/ros2_ws/install/atl_ide_interfaces/lib/libatl_ide_interfaces__rosidl_typesupport_introspection_cpp.so" to ""
[6.630s] -- Installing: /home/autretechlab/Documents/GitHub/ALT_Robotics_IDE/ros2_ws/install/atl_ide_interfaces/lib/libatl_ide_interfaces__rosidl_typesupport_cpp.so
[6.630s] -- Set runtime path of "/home/autretechlab/Documents/GitHub/ALT_Robotics_IDE/ros2_ws/install/atl_ide_interfaces/lib/libatl_ide_interfaces__rosidl_typesupport_cpp.so" to ""
[6.631s] -- Installing: /home/autretechlab/Documents/GitHub/ALT_Robotics_IDE/ros2_ws/install/atl_ide_interfaces/share/atl_ide_interfaces/environment/pythonpath.sh
[6.631s] -- Installing: /home/autretechlab/Documents/GitHub/ALT_Robotics_IDE/ros2_ws/install/atl_ide_interfaces/share/atl_ide_interfaces/environment/pythonpath.dsv
[6.631s] -- Installing: /home/autretechlab/Documents/GitHub/ALT_Robotics_IDE/ros2_ws/install/atl_ide_interfaces/lib/python3.8/site-packages/atl_ide_interfaces/__init__.py
[6.677s] Compiling '/home/autretechlab/Documents/GitHub/ALT_Robotics_IDE/ros2_ws/install/atl_ide_interfaces/lib/python3.8/site-packages/atl_ide_interfaces/__init__.py'...
[6.682s] -- Installing: /home/autretechlab/Documents/GitHub/ALT_Robotics_IDE/ros2_ws/install/atl_ide_interfaces/lib/python3.8/site-packages/atl_ide_interfaces/msg
[6.683s] -- Installing: /home/autretechlab/Documents/GitHub/ALT_Robotics_IDE/ros2_ws/install/atl_ide_interfaces/lib/python3.8/site-packages/atl_ide_interfaces/msg/__init__.py
[6.683s] -- Installing: /home/autretechlab/Documents/GitHub/ALT_Robotics_IDE/ros2_ws/install/atl_ide_interfaces/lib/python3.8/site-packages/atl_ide_interfaces/msg/_idewebapp.py
[6.683s] -- Installing: /home/autretechlab/Documents/GitHub/ALT_Robotics_IDE/ros2_ws/install/atl_ide_interfaces/lib/python3.8/site-packages/atl_ide_interfaces/msg/_idewebapp_s.c
[6.684s] -- Installing: /home/autretechlab/Documents/GitHub/ALT_Robotics_IDE/ros2_ws/install/atl_ide_interfaces/lib/python3.8/site-packages/atl_ide_interfaces/atl_ide_interfaces_s__rosidl_typesupport_fastrtps_c.cpython-38-x86_64-linux-gnu.so
[6.685s] -- Set runtime path of "/home/autretechlab/Documents/GitHub/ALT_Robotics_IDE/ros2_ws/install/atl_ide_interfaces/lib/python3.8/site-packages/atl_ide_interfaces/atl_ide_interfaces_s__rosidl_typesupport_fastrtps_c.cpython-38-x86_64-linux-gnu.so" to ""
[6.685s] -- Installing: /home/autretechlab/Documents/GitHub/ALT_Robotics_IDE/ros2_ws/install/atl_ide_interfaces/lib/python3.8/site-packages/atl_ide_interfaces/atl_ide_interfaces_s__rosidl_typesupport_introspection_c.cpython-38-x86_64-linux-gnu.so
[6.686s] -- Set runtime path of "/home/autretechlab/Documents/GitHub/ALT_Robotics_IDE/ros2_ws/install/atl_ide_interfaces/lib/python3.8/site-packages/atl_ide_interfaces/atl_ide_interfaces_s__rosidl_typesupport_introspection_c.cpython-38-x86_64-linux-gnu.so" to ""
[6.687s] -- Installing: /home/autretechlab/Documents/GitHub/ALT_Robotics_IDE/ros2_ws/install/atl_ide_interfaces/lib/python3.8/site-packages/atl_ide_interfaces/atl_ide_interfaces_s__rosidl_typesupport_c.cpython-38-x86_64-linux-gnu.so
[6.688s] -- Set runtime path of "/home/autretechlab/Documents/GitHub/ALT_Robotics_IDE/ros2_ws/install/atl_ide_interfaces/lib/python3.8/site-packages/atl_ide_interfaces/atl_ide_interfaces_s__rosidl_typesupport_c.cpython-38-x86_64-linux-gnu.so" to ""
[6.689s] -- Installing: /home/autretechlab/Documents/GitHub/ALT_Robotics_IDE/ros2_ws/install/atl_ide_interfaces/lib/libatl_ide_interfaces__python.so
[6.689s] -- Set runtime path of "/home/autretechlab/Documents/GitHub/ALT_Robotics_IDE/ros2_ws/install/atl_ide_interfaces/lib/libatl_ide_interfaces__python.so" to ""
[6.690s] -- Installing: /home/autretechlab/Documents/GitHub/ALT_Robotics_IDE/ros2_ws/install/atl_ide_interfaces/share/atl_ide_interfaces/msg/IDEWEBAPP.idl
[6.690s] -- Installing: /home/autretechlab/Documents/GitHub/ALT_Robotics_IDE/ros2_ws/install/atl_ide_interfaces/share/atl_ide_interfaces/msg/IDEWEBAPP.msg
[6.691s] -- Installing: /home/autretechlab/Documents/GitHub/ALT_Robotics_IDE/ros2_ws/install/atl_ide_interfaces/share/ament_index/resource_index/package_run_dependencies/atl_ide_interfaces
[6.692s] -- Installing: /home/autretechlab/Documents/GitHub/ALT_Robotics_IDE/ros2_ws/install/atl_ide_interfaces/share/ament_index/resource_index/parent_prefix_path/atl_ide_interfaces
[6.692s] -- Installing: /home/autretechlab/Documents/GitHub/ALT_Robotics_IDE/ros2_ws/install/atl_ide_interfaces/share/atl_ide_interfaces/environment/ament_prefix_path.sh
[6.692s] -- Installing: /home/autretechlab/Documents/GitHub/ALT_Robotics_IDE/ros2_ws/install/atl_ide_interfaces/share/atl_ide_interfaces/environment/ament_prefix_path.dsv
[6.693s] -- Installing: /home/autretechlab/Documents/GitHub/ALT_Robotics_IDE/ros2_ws/install/atl_ide_interfaces/share/atl_ide_interfaces/environment/path.sh
[6.693s] -- Installing: /home/autretechlab/Documents/GitHub/ALT_Robotics_IDE/ros2_ws/install/atl_ide_interfaces/share/atl_ide_interfaces/environment/path.dsv
[6.693s] -- Installing: /home/autretechlab/Documents/GitHub/ALT_Robotics_IDE/ros2_ws/install/atl_ide_interfaces/share/atl_ide_interfaces/local_setup.bash
[6.693s] -- Installing: /home/autretechlab/Documents/GitHub/ALT_Robotics_IDE/ros2_ws/install/atl_ide_interfaces/share/atl_ide_interfaces/local_setup.sh
[6.693s] -- Installing: /home/autretechlab/Documents/GitHub/ALT_Robotics_IDE/ros2_ws/install/atl_ide_interfaces/share/atl_ide_interfaces/local_setup.zsh
[6.694s] -- Installing: /home/autretechlab/Documents/GitHub/ALT_Robotics_IDE/ros2_ws/install/atl_ide_interfaces/share/atl_ide_interfaces/local_setup.dsv
[6.694s] -- Installing: /home/autretechlab/Documents/GitHub/ALT_Robotics_IDE/ros2_ws/install/atl_ide_interfaces/share/atl_ide_interfaces/package.dsv
[6.694s] -- Installing: /home/autretechlab/Documents/GitHub/ALT_Robotics_IDE/ros2_ws/install/atl_ide_interfaces/share/ament_index/resource_index/packages/atl_ide_interfaces
[6.695s] -- Installing: /home/autretechlab/Documents/GitHub/ALT_Robotics_IDE/ros2_ws/install/atl_ide_interfaces/share/atl_ide_interfaces/cmake/atl_ide_interfaces__rosidl_generator_cExport.cmake
[6.695s] -- Installing: /home/autretechlab/Documents/GitHub/ALT_Robotics_IDE/ros2_ws/install/atl_ide_interfaces/share/atl_ide_interfaces/cmake/atl_ide_interfaces__rosidl_generator_cExport-noconfig.cmake
[6.696s] -- Installing: /home/autretechlab/Documents/GitHub/ALT_Robotics_IDE/ros2_ws/install/atl_ide_interfaces/share/atl_ide_interfaces/cmake/atl_ide_interfaces__rosidl_typesupport_introspection_cExport.cmake
[6.696s] -- Installing: /home/autretechlab/Documents/GitHub/ALT_Robotics_IDE/ros2_ws/install/atl_ide_interfaces/share/atl_ide_interfaces/cmake/atl_ide_interfaces__rosidl_typesupport_introspection_cExport-noconfig.cmake
[6.696s] -- Installing: /home/autretechlab/Documents/GitHub/ALT_Robotics_IDE/ros2_ws/install/atl_ide_interfaces/share/atl_ide_interfaces/cmake/atl_ide_interfaces__rosidl_typesupport_cExport.cmake
[6.697s] -- Installing: /home/autretechlab/Documents/GitHub/ALT_Robotics_IDE/ros2_ws/install/atl_ide_interfaces/share/atl_ide_interfaces/cmake/atl_ide_interfaces__rosidl_typesupport_cExport-noconfig.cmake
[6.697s] -- Installing: /home/autretechlab/Documents/GitHub/ALT_Robotics_IDE/ros2_ws/install/atl_ide_interfaces/share/atl_ide_interfaces/cmake/atl_ide_interfaces__rosidl_generator_cppExport.cmake
[6.697s] -- Installing: /home/autretechlab/Documents/GitHub/ALT_Robotics_IDE/ros2_ws/install/atl_ide_interfaces/share/atl_ide_interfaces/cmake/atl_ide_interfaces__rosidl_typesupport_introspection_cppExport.cmake
[6.698s] -- Installing: /home/autretechlab/Documents/GitHub/ALT_Robotics_IDE/ros2_ws/install/atl_ide_interfaces/share/atl_ide_interfaces/cmake/atl_ide_interfaces__rosidl_typesupport_introspection_cppExport-noconfig.cmake
[6.698s] -- Installing: /home/autretechlab/Documents/GitHub/ALT_Robotics_IDE/ros2_ws/install/atl_ide_interfaces/share/atl_ide_interfaces/cmake/atl_ide_interfaces__rosidl_typesupport_cppExport.cmake
[6.699s] -- Installing: /home/autretechlab/Documents/GitHub/ALT_Robotics_IDE/ros2_ws/install/atl_ide_interfaces/share/atl_ide_interfaces/cmake/atl_ide_interfaces__rosidl_typesupport_cppExport-noconfig.cmake
[6.699s] -- Installing: /home/autretechlab/Documents/GitHub/ALT_Robotics_IDE/ros2_ws/install/atl_ide_interfaces/share/atl_ide_interfaces/cmake/rosidl_cmake-extras.cmake
[6.699s] -- Installing: /home/autretechlab/Documents/GitHub/ALT_Robotics_IDE/ros2_ws/install/atl_ide_interfaces/share/atl_ide_interfaces/cmake/ament_cmake_export_dependencies-extras.cmake
[6.699s] -- Installing: /home/autretechlab/Documents/GitHub/ALT_Robotics_IDE/ros2_ws/install/atl_ide_interfaces/share/atl_ide_interfaces/cmake/ament_cmake_export_libraries-extras.cmake
[6.700s] -- Installing: /home/autretechlab/Documents/GitHub/ALT_Robotics_IDE/ros2_ws/install/atl_ide_interfaces/share/atl_ide_interfaces/cmake/ament_cmake_export_targets-extras.cmake
[6.700s] -- Installing: /home/autretechlab/Documents/GitHub/ALT_Robotics_IDE/ros2_ws/install/atl_ide_interfaces/share/atl_ide_interfaces/cmake/ament_cmake_export_include_directories-extras.cmake
[6.700s] -- Installing: /home/autretechlab/Documents/GitHub/ALT_Robotics_IDE/ros2_ws/install/atl_ide_interfaces/share/atl_ide_interfaces/cmake/rosidl_cmake_export_typesupport_libraries-extras.cmake
[6.700s] -- Installing: /home/autretechlab/Documents/GitHub/ALT_Robotics_IDE/ros2_ws/install/atl_ide_interfaces/share/atl_ide_interfaces/cmake/rosidl_cmake_export_typesupport_targets-extras.cmake
[6.701s] -- Installing: /home/autretechlab/Documents/GitHub/ALT_Robotics_IDE/ros2_ws/install/atl_ide_interfaces/share/atl_ide_interfaces/cmake/atl_ide_interfacesConfig.cmake
[6.701s] -- Installing: /home/autretechlab/Documents/GitHub/ALT_Robotics_IDE/ros2_ws/install/atl_ide_interfaces/share/atl_ide_interfaces/cmake/atl_ide_interfacesConfig-version.cmake
[6.701s] -- Installing: /home/autretechlab/Documents/GitHub/ALT_Robotics_IDE/ros2_ws/install/atl_ide_interfaces/share/atl_ide_interfaces/package.xml
[6.707s] Invoked command in '/home/autretechlab/Documents/GitHub/ALT_Robotics_IDE/ros2_ws/build/atl_ide_interfaces' returned '0': CMAKE_PREFIX_PATH=${CMAKE_PREFIX_PATH}:/home/autretechlab/Documents/GitHub/ATL_ThymioII_ROS2_bridge/install/thymio2_ros2_tutorials_py_pkg:/home/autretechlab/Documents/GitHub/ATL_ThymioII_ROS2_bridge/install/thymio2_ros2_bridge_py_pkg:/home/autretechlab/Documents/GitHub/ATL_ThymioII_ROS2_bridge/install/thymio2_ROS2_bridge_py_pkg:/opt/ros/foxy /usr/bin/cmake --install /home/autretechlab/Documents/GitHub/ALT_Robotics_IDE/ros2_ws/build/atl_ide_interfaces
