[0.448s] Invoking command in '/home/autretechlab/Documents/GitHub/ALT_Robotics_IDE/ros2_ws/build/atl_ide_interfaces': CMAKE_PREFIX_PATH=${CMAKE_PREFIX_PATH}:/home/autretechlab/Documents/GitHub/ALT_Robotics_IDE/ros2_ws/install/atl_blockly_ide_py_pkg:/home/autretechlab/Documents/GitHub/ATL_ThymioII_ROS2_bridge/install/thymio2_ros2_tutorials_py_pkg:/home/autretechlab/Documents/GitHub/ATL_ThymioII_ROS2_bridge/install/thymio2_ros2_bridge_py_pkg:/home/autretechlab/Documents/GitHub/ATL_ThymioII_ROS2_bridge/install/thymio2_ROS2_bridge_py_pkg:/opt/ros/foxy /usr/bin/cmake --build /home/autretechlab/Documents/GitHub/ALT_Robotics_IDE/ros2_ws/build/atl_ide_interfaces -- -j4 -l4
[0.539s] [  3%] Built target atl_ide_interfaces__cpp
[0.550s] [ 12%] Built target atl_ide_interfaces__rosidl_generator_c
[0.585s] [ 22%] Built target atl_ide_interfaces__rosidl_typesupport_introspection_cpp
[0.602s] [ 32%] Built target atl_ide_interfaces__rosidl_typesupport_fastrtps_cpp
[0.605s] [ 41%] Built target atl_ide_interfaces__rosidl_typesupport_cpp
[0.623s] [ 51%] Built target atl_ide_interfaces__rosidl_typesupport_introspection_c
[0.640s] [ 61%] Built target atl_ide_interfaces__rosidl_typesupport_c
[0.651s] [ 70%] Built target atl_ide_interfaces__rosidl_typesupport_fastrtps_c
[0.683s] [ 70%] Built target atl_ide_interfaces
[0.711s] [ 74%] Built target atl_ide_interfaces__py
[0.748s] [ 80%] Built target atl_ide_interfaces__python
[0.803s] [ 87%] Built target atl_ide_interfaces__rosidl_typesupport_introspection_c__pyext
[0.803s] [ 93%] Built target atl_ide_interfaces__rosidl_typesupport_fastrtps_c__pyext
[0.806s] [100%] Built target atl_ide_interfaces__rosidl_typesupport_c__pyext
[0.825s] Invoked command in '/home/autretechlab/Documents/GitHub/ALT_Robotics_IDE/ros2_ws/build/atl_ide_interfaces' returned '0': CMAKE_PREFIX_PATH=${CMAKE_PREFIX_PATH}:/home/autretechlab/Documents/GitHub/ALT_Robotics_IDE/ros2_ws/install/atl_blockly_ide_py_pkg:/home/autretechlab/Documents/GitHub/ATL_ThymioII_ROS2_bridge/install/thymio2_ros2_tutorials_py_pkg:/home/autretechlab/Documents/GitHub/ATL_ThymioII_ROS2_bridge/install/thymio2_ros2_bridge_py_pkg:/home/autretechlab/Documents/GitHub/ATL_ThymioII_ROS2_bridge/install/thymio2_ROS2_bridge_py_pkg:/opt/ros/foxy /usr/bin/cmake --build /home/autretechlab/Documents/GitHub/ALT_Robotics_IDE/ros2_ws/build/atl_ide_interfaces -- -j4 -l4
[0.896s] Invoking command in '/home/autretechlab/Documents/GitHub/ALT_Robotics_IDE/ros2_ws/build/atl_ide_interfaces': CMAKE_PREFIX_PATH=${CMAKE_PREFIX_PATH}:/home/autretechlab/Documents/GitHub/ALT_Robotics_IDE/ros2_ws/install/atl_blockly_ide_py_pkg:/home/autretechlab/Documents/GitHub/ATL_ThymioII_ROS2_bridge/install/thymio2_ros2_tutorials_py_pkg:/home/autretechlab/Documents/GitHub/ATL_ThymioII_ROS2_bridge/install/thymio2_ros2_bridge_py_pkg:/home/autretechlab/Documents/GitHub/ATL_ThymioII_ROS2_bridge/install/thymio2_ROS2_bridge_py_pkg:/opt/ros/foxy /usr/bin/cmake --install /home/autretechlab/Documents/GitHub/ALT_Robotics_IDE/ros2_ws/build/atl_ide_interfaces
[0.919s] -- Install configuration: ""
[0.919s] -- Up-to-date: /home/autretechlab/Documents/GitHub/ALT_Robotics_IDE/ros2_ws/install/atl_ide_interfaces/share/ament_index/resource_index/rosidl_interfaces/atl_ide_interfaces
[0.920s] -- Up-to-date: /home/autretechlab/Documents/GitHub/ALT_Robotics_IDE/ros2_ws/install/atl_ide_interfaces/include/atl_ide_interfaces
[0.920s] -- Up-to-date: /home/autretechlab/Documents/GitHub/ALT_Robotics_IDE/ros2_ws/install/atl_ide_interfaces/include/atl_ide_interfaces/msg
[0.920s] -- Up-to-date: /home/autretechlab/Documents/GitHub/ALT_Robotics_IDE/ros2_ws/install/atl_ide_interfaces/include/atl_ide_interfaces/msg/rosidl_generator_c__visibility_control.h
[0.920s] -- Up-to-date: /home/autretechlab/Documents/GitHub/ALT_Robotics_IDE/ros2_ws/install/atl_ide_interfaces/include/atl_ide_interfaces/msg/idewebapp.h
[0.920s] -- Up-to-date: /home/autretechlab/Documents/GitHub/ALT_Robotics_IDE/ros2_ws/install/atl_ide_interfaces/include/atl_ide_interfaces/msg/detail
[0.921s] -- Up-to-date: /home/autretechlab/Documents/GitHub/ALT_Robotics_IDE/ros2_ws/install/atl_ide_interfaces/include/atl_ide_interfaces/msg/detail/idewebapp__functions.h
[0.921s] -- Up-to-date: /home/autretechlab/Documents/GitHub/ALT_Robotics_IDE/ros2_ws/install/atl_ide_interfaces/include/atl_ide_interfaces/msg/detail/idewebapp__functions.c
[0.921s] -- Up-to-date: /home/autretechlab/Documents/GitHub/ALT_Robotics_IDE/ros2_ws/install/atl_ide_interfaces/include/atl_ide_interfaces/msg/detail/idewebapp__struct.h
[0.921s] -- Up-to-date: /home/autretechlab/Documents/GitHub/ALT_Robotics_IDE/ros2_ws/install/atl_ide_interfaces/include/atl_ide_interfaces/msg/detail/idewebapp__type_support.h
[0.922s] -- Up-to-date: /home/autretechlab/Documents/GitHub/ALT_Robotics_IDE/ros2_ws/install/atl_ide_interfaces/share/atl_ide_interfaces/environment/library_path.sh
[0.922s] -- Up-to-date: /home/autretechlab/Documents/GitHub/ALT_Robotics_IDE/ros2_ws/install/atl_ide_interfaces/share/atl_ide_interfaces/environment/library_path.dsv
[0.922s] -- Up-to-date: /home/autretechlab/Documents/GitHub/ALT_Robotics_IDE/ros2_ws/install/atl_ide_interfaces/lib/libatl_ide_interfaces__rosidl_generator_c.so
[0.923s] -- Up-to-date: /home/autretechlab/Documents/GitHub/ALT_Robotics_IDE/ros2_ws/install/atl_ide_interfaces/include/atl_ide_interfaces
[0.923s] -- Up-to-date: /home/autretechlab/Documents/GitHub/ALT_Robotics_IDE/ros2_ws/install/atl_ide_interfaces/include/atl_ide_interfaces/msg
[0.924s] -- Up-to-date: /home/autretechlab/Documents/GitHub/ALT_Robotics_IDE/ros2_ws/install/atl_ide_interfaces/include/atl_ide_interfaces/msg/rosidl_typesupport_fastrtps_c__visibility_control.h
[0.924s] -- Up-to-date: /home/autretechlab/Documents/GitHub/ALT_Robotics_IDE/ros2_ws/install/atl_ide_interfaces/include/atl_ide_interfaces/msg/detail
[0.924s] -- Up-to-date: /home/autretechlab/Documents/GitHub/ALT_Robotics_IDE/ros2_ws/install/atl_ide_interfaces/include/atl_ide_interfaces/msg/detail/idewebapp__rosidl_typesupport_fastrtps_c.h
[0.924s] -- Up-to-date: /home/autretechlab/Documents/GitHub/ALT_Robotics_IDE/ros2_ws/install/atl_ide_interfaces/lib/libatl_ide_interfaces__rosidl_typesupport_fastrtps_c.so
[0.925s] -- Up-to-date: /home/autretechlab/Documents/GitHub/ALT_Robotics_IDE/ros2_ws/install/atl_ide_interfaces/include/atl_ide_interfaces
[0.925s] -- Up-to-date: /home/autretechlab/Documents/GitHub/ALT_Robotics_IDE/ros2_ws/install/atl_ide_interfaces/include/atl_ide_interfaces/msg
[0.925s] -- Up-to-date: /home/autretechlab/Documents/GitHub/ALT_Robotics_IDE/ros2_ws/install/atl_ide_interfaces/include/atl_ide_interfaces/msg/rosidl_typesupport_fastrtps_cpp__visibility_control.h
[0.925s] -- Up-to-date: /home/autretechlab/Documents/GitHub/ALT_Robotics_IDE/ros2_ws/install/atl_ide_interfaces/include/atl_ide_interfaces/msg/detail
[0.926s] -- Up-to-date: /home/autretechlab/Documents/GitHub/ALT_Robotics_IDE/ros2_ws/install/atl_ide_interfaces/include/atl_ide_interfaces/msg/detail/idewebapp__rosidl_typesupport_fastrtps_cpp.hpp
[0.926s] -- Up-to-date: /home/autretechlab/Documents/GitHub/ALT_Robotics_IDE/ros2_ws/install/atl_ide_interfaces/include/atl_ide_interfaces/msg/detail/dds_fastrtps
[0.926s] -- Up-to-date: /home/autretechlab/Documents/GitHub/ALT_Robotics_IDE/ros2_ws/install/atl_ide_interfaces/lib/libatl_ide_interfaces__rosidl_typesupport_fastrtps_cpp.so
[0.926s] -- Up-to-date: /home/autretechlab/Documents/GitHub/ALT_Robotics_IDE/ros2_ws/install/atl_ide_interfaces/include/atl_ide_interfaces
[0.927s] -- Up-to-date: /home/autretechlab/Documents/GitHub/ALT_Robotics_IDE/ros2_ws/install/atl_ide_interfaces/include/atl_ide_interfaces/msg
[0.927s] -- Up-to-date: /home/autretechlab/Documents/GitHub/ALT_Robotics_IDE/ros2_ws/install/atl_ide_interfaces/include/atl_ide_interfaces/msg/rosidl_typesupport_introspection_c__visibility_control.h
[0.927s] -- Up-to-date: /home/autretechlab/Documents/GitHub/ALT_Robotics_IDE/ros2_ws/install/atl_ide_interfaces/include/atl_ide_interfaces/msg/detail
[0.927s] -- Up-to-date: /home/autretechlab/Documents/GitHub/ALT_Robotics_IDE/ros2_ws/install/atl_ide_interfaces/include/atl_ide_interfaces/msg/detail/idewebapp__rosidl_typesupport_introspection_c.h
[0.928s] -- Up-to-date: /home/autretechlab/Documents/GitHub/ALT_Robotics_IDE/ros2_ws/install/atl_ide_interfaces/include/atl_ide_interfaces/msg/detail/idewebapp__type_support.c
[0.928s] -- Up-to-date: /home/autretechlab/Documents/GitHub/ALT_Robotics_IDE/ros2_ws/install/atl_ide_interfaces/lib/libatl_ide_interfaces__rosidl_typesupport_introspection_c.so
[0.928s] -- Up-to-date: /home/autretechlab/Documents/GitHub/ALT_Robotics_IDE/ros2_ws/install/atl_ide_interfaces/lib/libatl_ide_interfaces__rosidl_typesupport_c.so
[0.929s] -- Up-to-date: /home/autretechlab/Documents/GitHub/ALT_Robotics_IDE/ros2_ws/install/atl_ide_interfaces/include/atl_ide_interfaces
[0.929s] -- Up-to-date: /home/autretechlab/Documents/GitHub/ALT_Robotics_IDE/ros2_ws/install/atl_ide_interfaces/include/atl_ide_interfaces/msg
[0.929s] -- Up-to-date: /home/autretechlab/Documents/GitHub/ALT_Robotics_IDE/ros2_ws/install/atl_ide_interfaces/include/atl_ide_interfaces/msg/idewebapp.hpp
[0.929s] -- Up-to-date: /home/autretechlab/Documents/GitHub/ALT_Robotics_IDE/ros2_ws/install/atl_ide_interfaces/include/atl_ide_interfaces/msg/detail
[0.929s] -- Up-to-date: /home/autretechlab/Documents/GitHub/ALT_Robotics_IDE/ros2_ws/install/atl_ide_interfaces/include/atl_ide_interfaces/msg/detail/idewebapp__struct.hpp
[0.930s] -- Up-to-date: /home/autretechlab/Documents/GitHub/ALT_Robotics_IDE/ros2_ws/install/atl_ide_interfaces/include/atl_ide_interfaces/msg/detail/idewebapp__builder.hpp
[0.930s] -- Up-to-date: /home/autretechlab/Documents/GitHub/ALT_Robotics_IDE/ros2_ws/install/atl_ide_interfaces/include/atl_ide_interfaces/msg/detail/idewebapp__traits.hpp
[0.930s] -- Up-to-date: /home/autretechlab/Documents/GitHub/ALT_Robotics_IDE/ros2_ws/install/atl_ide_interfaces/include/atl_ide_interfaces
[0.930s] -- Up-to-date: /home/autretechlab/Documents/GitHub/ALT_Robotics_IDE/ros2_ws/install/atl_ide_interfaces/include/atl_ide_interfaces/msg
[0.930s] -- Up-to-date: /home/autretechlab/Documents/GitHub/ALT_Robotics_IDE/ros2_ws/install/atl_ide_interfaces/include/atl_ide_interfaces/msg/detail
[0.931s] -- Up-to-date: /home/autretechlab/Documents/GitHub/ALT_Robotics_IDE/ros2_ws/install/atl_ide_interfaces/include/atl_ide_interfaces/msg/detail/idewebapp__rosidl_typesupport_introspection_cpp.hpp
[0.931s] -- Up-to-date: /home/autretechlab/Documents/GitHub/ALT_Robotics_IDE/ros2_ws/install/atl_ide_interfaces/include/atl_ide_interfaces/msg/detail/idewebapp__type_support.cpp
[0.931s] -- Up-to-date: /home/autretechlab/Documents/GitHub/ALT_Robotics_IDE/ros2_ws/install/atl_ide_interfaces/lib/libatl_ide_interfaces__rosidl_typesupport_introspection_cpp.so
[0.931s] -- Up-to-date: /home/autretechlab/Documents/GitHub/ALT_Robotics_IDE/ros2_ws/install/atl_ide_interfaces/lib/libatl_ide_interfaces__rosidl_typesupport_cpp.so
[0.931s] -- Up-to-date: /home/autretechlab/Documents/GitHub/ALT_Robotics_IDE/ros2_ws/install/atl_ide_interfaces/share/atl_ide_interfaces/environment/pythonpath.sh
[0.932s] -- Up-to-date: /home/autretechlab/Documents/GitHub/ALT_Robotics_IDE/ros2_ws/install/atl_ide_interfaces/share/atl_ide_interfaces/environment/pythonpath.dsv
[0.932s] -- Up-to-date: /home/autretechlab/Documents/GitHub/ALT_Robotics_IDE/ros2_ws/install/atl_ide_interfaces/lib/python3.8/site-packages/atl_ide_interfaces/__init__.py
[0.976s] -- Up-to-date: /home/autretechlab/Documents/GitHub/ALT_Robotics_IDE/ros2_ws/install/atl_ide_interfaces/lib/python3.8/site-packages/atl_ide_interfaces/msg
[0.976s] -- Up-to-date: /home/autretechlab/Documents/GitHub/ALT_Robotics_IDE/ros2_ws/install/atl_ide_interfaces/lib/python3.8/site-packages/atl_ide_interfaces/msg/__init__.py
[0.977s] -- Up-to-date: /home/autretechlab/Documents/GitHub/ALT_Robotics_IDE/ros2_ws/install/atl_ide_interfaces/lib/python3.8/site-packages/atl_ide_interfaces/msg/_idewebapp.py
[0.977s] -- Up-to-date: /home/autretechlab/Documents/GitHub/ALT_Robotics_IDE/ros2_ws/install/atl_ide_interfaces/lib/python3.8/site-packages/atl_ide_interfaces/msg/_idewebapp_s.c
[0.977s] -- Up-to-date: /home/autretechlab/Documents/GitHub/ALT_Robotics_IDE/ros2_ws/install/atl_ide_interfaces/lib/python3.8/site-packages/atl_ide_interfaces/atl_ide_interfaces_s__rosidl_typesupport_fastrtps_c.cpython-38-x86_64-linux-gnu.so
[0.978s] -- Up-to-date: /home/autretechlab/Documents/GitHub/ALT_Robotics_IDE/ros2_ws/install/atl_ide_interfaces/lib/python3.8/site-packages/atl_ide_interfaces/atl_ide_interfaces_s__rosidl_typesupport_introspection_c.cpython-38-x86_64-linux-gnu.so
[0.979s] -- Up-to-date: /home/autretechlab/Documents/GitHub/ALT_Robotics_IDE/ros2_ws/install/atl_ide_interfaces/lib/python3.8/site-packages/atl_ide_interfaces/atl_ide_interfaces_s__rosidl_typesupport_c.cpython-38-x86_64-linux-gnu.so
[0.980s] -- Up-to-date: /home/autretechlab/Documents/GitHub/ALT_Robotics_IDE/ros2_ws/install/atl_ide_interfaces/lib/libatl_ide_interfaces__python.so
[0.980s] -- Up-to-date: /home/autretechlab/Documents/GitHub/ALT_Robotics_IDE/ros2_ws/install/atl_ide_interfaces/share/atl_ide_interfaces/msg/IDEWEBAPP.idl
[0.981s] -- Up-to-date: /home/autretechlab/Documents/GitHub/ALT_Robotics_IDE/ros2_ws/install/atl_ide_interfaces/share/atl_ide_interfaces/msg/IDEWEBAPP.msg
[0.981s] -- Up-to-date: /home/autretechlab/Documents/GitHub/ALT_Robotics_IDE/ros2_ws/install/atl_ide_interfaces/share/ament_index/resource_index/package_run_dependencies/atl_ide_interfaces
[0.981s] -- Up-to-date: /home/autretechlab/Documents/GitHub/ALT_Robotics_IDE/ros2_ws/install/atl_ide_interfaces/share/ament_index/resource_index/parent_prefix_path/atl_ide_interfaces
[0.982s] -- Up-to-date: /home/autretechlab/Documents/GitHub/ALT_Robotics_IDE/ros2_ws/install/atl_ide_interfaces/share/atl_ide_interfaces/environment/ament_prefix_path.sh
[0.982s] -- Up-to-date: /home/autretechlab/Documents/GitHub/ALT_Robotics_IDE/ros2_ws/install/atl_ide_interfaces/share/atl_ide_interfaces/environment/ament_prefix_path.dsv
[0.982s] -- Up-to-date: /home/autretechlab/Documents/GitHub/ALT_Robotics_IDE/ros2_ws/install/atl_ide_interfaces/share/atl_ide_interfaces/environment/path.sh
[0.983s] -- Up-to-date: /home/autretechlab/Documents/GitHub/ALT_Robotics_IDE/ros2_ws/install/atl_ide_interfaces/share/atl_ide_interfaces/environment/path.dsv
[0.983s] -- Up-to-date: /home/autretechlab/Documents/GitHub/ALT_Robotics_IDE/ros2_ws/install/atl_ide_interfaces/share/atl_ide_interfaces/local_setup.bash
[0.983s] -- Up-to-date: /home/autretechlab/Documents/GitHub/ALT_Robotics_IDE/ros2_ws/install/atl_ide_interfaces/share/atl_ide_interfaces/local_setup.sh
[0.984s] -- Up-to-date: /home/autretechlab/Documents/GitHub/ALT_Robotics_IDE/ros2_ws/install/atl_ide_interfaces/share/atl_ide_interfaces/local_setup.zsh
[0.984s] -- Up-to-date: /home/autretechlab/Documents/GitHub/ALT_Robotics_IDE/ros2_ws/install/atl_ide_interfaces/share/atl_ide_interfaces/local_setup.dsv
[0.985s] -- Installing: /home/autretechlab/Documents/GitHub/ALT_Robotics_IDE/ros2_ws/install/atl_ide_interfaces/share/atl_ide_interfaces/package.dsv
[0.985s] -- Up-to-date: /home/autretechlab/Documents/GitHub/ALT_Robotics_IDE/ros2_ws/install/atl_ide_interfaces/share/ament_index/resource_index/packages/atl_ide_interfaces
[0.986s] -- Up-to-date: /home/autretechlab/Documents/GitHub/ALT_Robotics_IDE/ros2_ws/install/atl_ide_interfaces/share/atl_ide_interfaces/cmake/atl_ide_interfaces__rosidl_generator_cExport.cmake
[0.986s] -- Up-to-date: /home/autretechlab/Documents/GitHub/ALT_Robotics_IDE/ros2_ws/install/atl_ide_interfaces/share/atl_ide_interfaces/cmake/atl_ide_interfaces__rosidl_generator_cExport-noconfig.cmake
[0.986s] -- Up-to-date: /home/autretechlab/Documents/GitHub/ALT_Robotics_IDE/ros2_ws/install/atl_ide_interfaces/share/atl_ide_interfaces/cmake/atl_ide_interfaces__rosidl_typesupport_introspection_cExport.cmake
[0.986s] -- Up-to-date: /home/autretechlab/Documents/GitHub/ALT_Robotics_IDE/ros2_ws/install/atl_ide_interfaces/share/atl_ide_interfaces/cmake/atl_ide_interfaces__rosidl_typesupport_introspection_cExport-noconfig.cmake
[0.986s] -- Up-to-date: /home/autretechlab/Documents/GitHub/ALT_Robotics_IDE/ros2_ws/install/atl_ide_interfaces/share/atl_ide_interfaces/cmake/atl_ide_interfaces__rosidl_typesupport_cExport.cmake
[0.987s] -- Up-to-date: /home/autretechlab/Documents/GitHub/ALT_Robotics_IDE/ros2_ws/install/atl_ide_interfaces/share/atl_ide_interfaces/cmake/atl_ide_interfaces__rosidl_typesupport_cExport-noconfig.cmake
[0.987s] -- Up-to-date: /home/autretechlab/Documents/GitHub/ALT_Robotics_IDE/ros2_ws/install/atl_ide_interfaces/share/atl_ide_interfaces/cmake/atl_ide_interfaces__rosidl_generator_cppExport.cmake
[0.987s] -- Up-to-date: /home/autretechlab/Documents/GitHub/ALT_Robotics_IDE/ros2_ws/install/atl_ide_interfaces/share/atl_ide_interfaces/cmake/atl_ide_interfaces__rosidl_typesupport_introspection_cppExport.cmake
[0.987s] -- Up-to-date: /home/autretechlab/Documents/GitHub/ALT_Robotics_IDE/ros2_ws/install/atl_ide_interfaces/share/atl_ide_interfaces/cmake/atl_ide_interfaces__rosidl_typesupport_introspection_cppExport-noconfig.cmake
[0.987s] -- Up-to-date: /home/autretechlab/Documents/GitHub/ALT_Robotics_IDE/ros2_ws/install/atl_ide_interfaces/share/atl_ide_interfaces/cmake/atl_ide_interfaces__rosidl_typesupport_cppExport.cmake
[0.988s] -- Up-to-date: /home/autretechlab/Documents/GitHub/ALT_Robotics_IDE/ros2_ws/install/atl_ide_interfaces/share/atl_ide_interfaces/cmake/atl_ide_interfaces__rosidl_typesupport_cppExport-noconfig.cmake
[0.988s] -- Up-to-date: /home/autretechlab/Documents/GitHub/ALT_Robotics_IDE/ros2_ws/install/atl_ide_interfaces/share/atl_ide_interfaces/cmake/rosidl_cmake-extras.cmake
[0.988s] -- Up-to-date: /home/autretechlab/Documents/GitHub/ALT_Robotics_IDE/ros2_ws/install/atl_ide_interfaces/share/atl_ide_interfaces/cmake/ament_cmake_export_dependencies-extras.cmake
[0.988s] -- Up-to-date: /home/autretechlab/Documents/GitHub/ALT_Robotics_IDE/ros2_ws/install/atl_ide_interfaces/share/atl_ide_interfaces/cmake/ament_cmake_export_libraries-extras.cmake
[0.988s] -- Up-to-date: /home/autretechlab/Documents/GitHub/ALT_Robotics_IDE/ros2_ws/install/atl_ide_interfaces/share/atl_ide_interfaces/cmake/ament_cmake_export_targets-extras.cmake
[0.988s] -- Up-to-date: /home/autretechlab/Documents/GitHub/ALT_Robotics_IDE/ros2_ws/install/atl_ide_interfaces/share/atl_ide_interfaces/cmake/ament_cmake_export_include_directories-extras.cmake
[0.989s] -- Up-to-date: /home/autretechlab/Documents/GitHub/ALT_Robotics_IDE/ros2_ws/install/atl_ide_interfaces/share/atl_ide_interfaces/cmake/rosidl_cmake_export_typesupport_libraries-extras.cmake
[0.989s] -- Up-to-date: /home/autretechlab/Documents/GitHub/ALT_Robotics_IDE/ros2_ws/install/atl_ide_interfaces/share/atl_ide_interfaces/cmake/rosidl_cmake_export_typesupport_targets-extras.cmake
[0.990s] -- Up-to-date: /home/autretechlab/Documents/GitHub/ALT_Robotics_IDE/ros2_ws/install/atl_ide_interfaces/share/atl_ide_interfaces/cmake/atl_ide_interfacesConfig.cmake
[0.991s] -- Up-to-date: /home/autretechlab/Documents/GitHub/ALT_Robotics_IDE/ros2_ws/install/atl_ide_interfaces/share/atl_ide_interfaces/cmake/atl_ide_interfacesConfig-version.cmake
[0.991s] -- Up-to-date: /home/autretechlab/Documents/GitHub/ALT_Robotics_IDE/ros2_ws/install/atl_ide_interfaces/share/atl_ide_interfaces/package.xml
[0.992s] Invoked command in '/home/autretechlab/Documents/GitHub/ALT_Robotics_IDE/ros2_ws/build/atl_ide_interfaces' returned '0': CMAKE_PREFIX_PATH=${CMAKE_PREFIX_PATH}:/home/autretechlab/Documents/GitHub/ALT_Robotics_IDE/ros2_ws/install/atl_blockly_ide_py_pkg:/home/autretechlab/Documents/GitHub/ATL_ThymioII_ROS2_bridge/install/thymio2_ros2_tutorials_py_pkg:/home/autretechlab/Documents/GitHub/ATL_ThymioII_ROS2_bridge/install/thymio2_ros2_bridge_py_pkg:/home/autretechlab/Documents/GitHub/ATL_ThymioII_ROS2_bridge/install/thymio2_ROS2_bridge_py_pkg:/opt/ros/foxy /usr/bin/cmake --install /home/autretechlab/Documents/GitHub/ALT_Robotics_IDE/ros2_ws/build/atl_ide_interfaces
