[0.340s] Invoking command in '/home/autretechlab/Documents/GitHub/ALT_Robotics_IDE/ros2_ws/build/atl_ide_interfaces': CMAKE_PREFIX_PATH=${CMAKE_PREFIX_PATH}:/home/autretechlab/Documents/GitHub/ALT_Robotics_IDE/ros2_ws/install/atl_blockly_ide_py_pkg:/home/autretechlab/Documents/GitHub/ATL_ThymioII_ROS2_bridge/install/thymio2_ros2_tutorials_py_pkg:/home/autretechlab/Documents/GitHub/ATL_ThymioII_ROS2_bridge/install/thymio2_ros2_bridge_py_pkg:/home/autretechlab/Documents/GitHub/ATL_ThymioII_ROS2_bridge/install/thymio2_ROS2_bridge_py_pkg:/opt/ros/foxy /usr/bin/cmake --build /home/autretechlab/Documents/GitHub/ALT_Robotics_IDE/ros2_ws/build/atl_ide_interfaces -- -j4 -l4
[0.530s] [  9%] Built target atl_ide_interfaces__rosidl_generator_c
[0.539s] [ 12%] Built target atl_ide_interfaces__cpp
[0.600s] [ 22%] Built target atl_ide_interfaces__rosidl_typesupport_introspection_c
[0.617s] [ 32%] Built target atl_ide_interfaces__rosidl_typesupport_c
[0.623s] [ 41%] Built target atl_ide_interfaces__rosidl_typesupport_introspection_cpp
[0.635s] [ 51%] Built target atl_ide_interfaces__rosidl_typesupport_fastrtps_cpp
[0.664s] [ 61%] Built target atl_ide_interfaces__rosidl_typesupport_cpp
[0.679s] [ 70%] Built target atl_ide_interfaces__rosidl_typesupport_fastrtps_c
[0.708s] [ 70%] Built target atl_ide_interfaces
[0.743s] [ 74%] Built target atl_ide_interfaces__py
[0.792s] [ 80%] Built target atl_ide_interfaces__python
[0.841s] [ 93%] Built target atl_ide_interfaces__rosidl_typesupport_c__pyext
[0.841s] [ 93%] Built target atl_ide_interfaces__rosidl_typesupport_fastrtps_c__pyext
[0.849s] [100%] Built target atl_ide_interfaces__rosidl_typesupport_introspection_c__pyext
[0.864s] Invoked command in '/home/autretechlab/Documents/GitHub/ALT_Robotics_IDE/ros2_ws/build/atl_ide_interfaces' returned '0': CMAKE_PREFIX_PATH=${CMAKE_PREFIX_PATH}:/home/autretechlab/Documents/GitHub/ALT_Robotics_IDE/ros2_ws/install/atl_blockly_ide_py_pkg:/home/autretechlab/Documents/GitHub/ATL_ThymioII_ROS2_bridge/install/thymio2_ros2_tutorials_py_pkg:/home/autretechlab/Documents/GitHub/ATL_ThymioII_ROS2_bridge/install/thymio2_ros2_bridge_py_pkg:/home/autretechlab/Documents/GitHub/ATL_ThymioII_ROS2_bridge/install/thymio2_ROS2_bridge_py_pkg:/opt/ros/foxy /usr/bin/cmake --build /home/autretechlab/Documents/GitHub/ALT_Robotics_IDE/ros2_ws/build/atl_ide_interfaces -- -j4 -l4
[0.974s] Invoking command in '/home/autretechlab/Documents/GitHub/ALT_Robotics_IDE/ros2_ws/build/atl_ide_interfaces': CMAKE_PREFIX_PATH=${CMAKE_PREFIX_PATH}:/home/autretechlab/Documents/GitHub/ALT_Robotics_IDE/ros2_ws/install/atl_blockly_ide_py_pkg:/home/autretechlab/Documents/GitHub/ATL_ThymioII_ROS2_bridge/install/thymio2_ros2_tutorials_py_pkg:/home/autretechlab/Documents/GitHub/ATL_ThymioII_ROS2_bridge/install/thymio2_ros2_bridge_py_pkg:/home/autretechlab/Documents/GitHub/ATL_ThymioII_ROS2_bridge/install/thymio2_ROS2_bridge_py_pkg:/opt/ros/foxy /usr/bin/cmake --install /home/autretechlab/Documents/GitHub/ALT_Robotics_IDE/ros2_ws/build/atl_ide_interfaces
[0.996s] -- Install configuration: ""
[0.996s] -- Up-to-date: /home/autretechlab/Documents/GitHub/ALT_Robotics_IDE/ros2_ws/install/atl_ide_interfaces/share/ament_index/resource_index/rosidl_interfaces/atl_ide_interfaces
[0.997s] -- Up-to-date: /home/autretechlab/Documents/GitHub/ALT_Robotics_IDE/ros2_ws/install/atl_ide_interfaces/include/atl_ide_interfaces
[0.997s] -- Up-to-date: /home/autretechlab/Documents/GitHub/ALT_Robotics_IDE/ros2_ws/install/atl_ide_interfaces/include/atl_ide_interfaces/msg
[0.997s] -- Up-to-date: /home/autretechlab/Documents/GitHub/ALT_Robotics_IDE/ros2_ws/install/atl_ide_interfaces/include/atl_ide_interfaces/msg/rosidl_generator_c__visibility_control.h
[0.997s] -- Up-to-date: /home/autretechlab/Documents/GitHub/ALT_Robotics_IDE/ros2_ws/install/atl_ide_interfaces/include/atl_ide_interfaces/msg/idewebapp.h
[0.998s] -- Up-to-date: /home/autretechlab/Documents/GitHub/ALT_Robotics_IDE/ros2_ws/install/atl_ide_interfaces/include/atl_ide_interfaces/msg/detail
[0.998s] -- Up-to-date: /home/autretechlab/Documents/GitHub/ALT_Robotics_IDE/ros2_ws/install/atl_ide_interfaces/include/atl_ide_interfaces/msg/detail/idewebapp__functions.h
[0.998s] -- Up-to-date: /home/autretechlab/Documents/GitHub/ALT_Robotics_IDE/ros2_ws/install/atl_ide_interfaces/include/atl_ide_interfaces/msg/detail/idewebapp__functions.c
[0.998s] -- Up-to-date: /home/autretechlab/Documents/GitHub/ALT_Robotics_IDE/ros2_ws/install/atl_ide_interfaces/include/atl_ide_interfaces/msg/detail/idewebapp__struct.h
[0.999s] -- Up-to-date: /home/autretechlab/Documents/GitHub/ALT_Robotics_IDE/ros2_ws/install/atl_ide_interfaces/include/atl_ide_interfaces/msg/detail/idewebapp__type_support.h
[0.999s] -- Up-to-date: /home/autretechlab/Documents/GitHub/ALT_Robotics_IDE/ros2_ws/install/atl_ide_interfaces/share/atl_ide_interfaces/environment/library_path.sh
[0.999s] -- Up-to-date: /home/autretechlab/Documents/GitHub/ALT_Robotics_IDE/ros2_ws/install/atl_ide_interfaces/share/atl_ide_interfaces/environment/library_path.dsv
[0.999s] -- Up-to-date: /home/autretechlab/Documents/GitHub/ALT_Robotics_IDE/ros2_ws/install/atl_ide_interfaces/lib/libatl_ide_interfaces__rosidl_generator_c.so
[0.999s] -- Up-to-date: /home/autretechlab/Documents/GitHub/ALT_Robotics_IDE/ros2_ws/install/atl_ide_interfaces/include/atl_ide_interfaces
[1.000s] -- Up-to-date: /home/autretechlab/Documents/GitHub/ALT_Robotics_IDE/ros2_ws/install/atl_ide_interfaces/include/atl_ide_interfaces/msg
[1.000s] -- Up-to-date: /home/autretechlab/Documents/GitHub/ALT_Robotics_IDE/ros2_ws/install/atl_ide_interfaces/include/atl_ide_interfaces/msg/rosidl_typesupport_fastrtps_c__visibility_control.h
[1.000s] -- Up-to-date: /home/autretechlab/Documents/GitHub/ALT_Robotics_IDE/ros2_ws/install/atl_ide_interfaces/include/atl_ide_interfaces/msg/detail
[1.000s] -- Up-to-date: /home/autretechlab/Documents/GitHub/ALT_Robotics_IDE/ros2_ws/install/atl_ide_interfaces/include/atl_ide_interfaces/msg/detail/idewebapp__rosidl_typesupport_fastrtps_c.h
[1.001s] -- Up-to-date: /home/autretechlab/Documents/GitHub/ALT_Robotics_IDE/ros2_ws/install/atl_ide_interfaces/lib/libatl_ide_interfaces__rosidl_typesupport_fastrtps_c.so
[1.001s] -- Up-to-date: /home/autretechlab/Documents/GitHub/ALT_Robotics_IDE/ros2_ws/install/atl_ide_interfaces/include/atl_ide_interfaces
[1.001s] -- Up-to-date: /home/autretechlab/Documents/GitHub/ALT_Robotics_IDE/ros2_ws/install/atl_ide_interfaces/include/atl_ide_interfaces/msg
[1.001s] -- Up-to-date: /home/autretechlab/Documents/GitHub/ALT_Robotics_IDE/ros2_ws/install/atl_ide_interfaces/include/atl_ide_interfaces/msg/rosidl_typesupport_fastrtps_cpp__visibility_control.h
[1.001s] -- Up-to-date: /home/autretechlab/Documents/GitHub/ALT_Robotics_IDE/ros2_ws/install/atl_ide_interfaces/include/atl_ide_interfaces/msg/detail
[1.002s] -- Up-to-date: /home/autretechlab/Documents/GitHub/ALT_Robotics_IDE/ros2_ws/install/atl_ide_interfaces/include/atl_ide_interfaces/msg/detail/idewebapp__rosidl_typesupport_fastrtps_cpp.hpp
[1.002s] -- Up-to-date: /home/autretechlab/Documents/GitHub/ALT_Robotics_IDE/ros2_ws/install/atl_ide_interfaces/include/atl_ide_interfaces/msg/detail/dds_fastrtps
[1.002s] -- Up-to-date: /home/autretechlab/Documents/GitHub/ALT_Robotics_IDE/ros2_ws/install/atl_ide_interfaces/lib/libatl_ide_interfaces__rosidl_typesupport_fastrtps_cpp.so
[1.002s] -- Up-to-date: /home/autretechlab/Documents/GitHub/ALT_Robotics_IDE/ros2_ws/install/atl_ide_interfaces/include/atl_ide_interfaces
[1.003s] -- Up-to-date: /home/autretechlab/Documents/GitHub/ALT_Robotics_IDE/ros2_ws/install/atl_ide_interfaces/include/atl_ide_interfaces/msg
[1.003s] -- Up-to-date: /home/autretechlab/Documents/GitHub/ALT_Robotics_IDE/ros2_ws/install/atl_ide_interfaces/include/atl_ide_interfaces/msg/rosidl_typesupport_introspection_c__visibility_control.h
[1.003s] -- Up-to-date: /home/autretechlab/Documents/GitHub/ALT_Robotics_IDE/ros2_ws/install/atl_ide_interfaces/include/atl_ide_interfaces/msg/detail
[1.003s] -- Up-to-date: /home/autretechlab/Documents/GitHub/ALT_Robotics_IDE/ros2_ws/install/atl_ide_interfaces/include/atl_ide_interfaces/msg/detail/idewebapp__rosidl_typesupport_introspection_c.h
[1.003s] -- Up-to-date: /home/autretechlab/Documents/GitHub/ALT_Robotics_IDE/ros2_ws/install/atl_ide_interfaces/include/atl_ide_interfaces/msg/detail/idewebapp__type_support.c
[1.004s] -- Up-to-date: /home/autretechlab/Documents/GitHub/ALT_Robotics_IDE/ros2_ws/install/atl_ide_interfaces/lib/libatl_ide_interfaces__rosidl_typesupport_introspection_c.so
[1.004s] -- Up-to-date: /home/autretechlab/Documents/GitHub/ALT_Robotics_IDE/ros2_ws/install/atl_ide_interfaces/lib/libatl_ide_interfaces__rosidl_typesupport_c.so
[1.004s] -- Up-to-date: /home/autretechlab/Documents/GitHub/ALT_Robotics_IDE/ros2_ws/install/atl_ide_interfaces/include/atl_ide_interfaces
[1.004s] -- Up-to-date: /home/autretechlab/Documents/GitHub/ALT_Robotics_IDE/ros2_ws/install/atl_ide_interfaces/include/atl_ide_interfaces/msg
[1.005s] -- Up-to-date: /home/autretechlab/Documents/GitHub/ALT_Robotics_IDE/ros2_ws/install/atl_ide_interfaces/include/atl_ide_interfaces/msg/idewebapp.hpp
[1.005s] -- Up-to-date: /home/autretechlab/Documents/GitHub/ALT_Robotics_IDE/ros2_ws/install/atl_ide_interfaces/include/atl_ide_interfaces/msg/detail
[1.005s] -- Up-to-date: /home/autretechlab/Documents/GitHub/ALT_Robotics_IDE/ros2_ws/install/atl_ide_interfaces/include/atl_ide_interfaces/msg/detail/idewebapp__struct.hpp
[1.005s] -- Up-to-date: /home/autretechlab/Documents/GitHub/ALT_Robotics_IDE/ros2_ws/install/atl_ide_interfaces/include/atl_ide_interfaces/msg/detail/idewebapp__builder.hpp
[1.005s] -- Up-to-date: /home/autretechlab/Documents/GitHub/ALT_Robotics_IDE/ros2_ws/install/atl_ide_interfaces/include/atl_ide_interfaces/msg/detail/idewebapp__traits.hpp
[1.005s] -- Up-to-date: /home/autretechlab/Documents/GitHub/ALT_Robotics_IDE/ros2_ws/install/atl_ide_interfaces/include/atl_ide_interfaces
[1.006s] -- Up-to-date: /home/autretechlab/Documents/GitHub/ALT_Robotics_IDE/ros2_ws/install/atl_ide_interfaces/include/atl_ide_interfaces/msg
[1.006s] -- Up-to-date: /home/autretechlab/Documents/GitHub/ALT_Robotics_IDE/ros2_ws/install/atl_ide_interfaces/include/atl_ide_interfaces/msg/detail
[1.006s] -- Up-to-date: /home/autretechlab/Documents/GitHub/ALT_Robotics_IDE/ros2_ws/install/atl_ide_interfaces/include/atl_ide_interfaces/msg/detail/idewebapp__rosidl_typesupport_introspection_cpp.hpp
[1.006s] -- Up-to-date: /home/autretechlab/Documents/GitHub/ALT_Robotics_IDE/ros2_ws/install/atl_ide_interfaces/include/atl_ide_interfaces/msg/detail/idewebapp__type_support.cpp
[1.006s] -- Up-to-date: /home/autretechlab/Documents/GitHub/ALT_Robotics_IDE/ros2_ws/install/atl_ide_interfaces/lib/libatl_ide_interfaces__rosidl_typesupport_introspection_cpp.so
[1.006s] -- Up-to-date: /home/autretechlab/Documents/GitHub/ALT_Robotics_IDE/ros2_ws/install/atl_ide_interfaces/lib/libatl_ide_interfaces__rosidl_typesupport_cpp.so
[1.007s] -- Up-to-date: /home/autretechlab/Documents/GitHub/ALT_Robotics_IDE/ros2_ws/install/atl_ide_interfaces/share/atl_ide_interfaces/environment/pythonpath.sh
[1.007s] -- Up-to-date: /home/autretechlab/Documents/GitHub/ALT_Robotics_IDE/ros2_ws/install/atl_ide_interfaces/share/atl_ide_interfaces/environment/pythonpath.dsv
[1.007s] -- Up-to-date: /home/autretechlab/Documents/GitHub/ALT_Robotics_IDE/ros2_ws/install/atl_ide_interfaces/lib/python3.8/site-packages/atl_ide_interfaces/__init__.py
[1.054s] -- Up-to-date: /home/autretechlab/Documents/GitHub/ALT_Robotics_IDE/ros2_ws/install/atl_ide_interfaces/lib/python3.8/site-packages/atl_ide_interfaces/msg
[1.054s] -- Up-to-date: /home/autretechlab/Documents/GitHub/ALT_Robotics_IDE/ros2_ws/install/atl_ide_interfaces/lib/python3.8/site-packages/atl_ide_interfaces/msg/__init__.py
[1.054s] -- Up-to-date: /home/autretechlab/Documents/GitHub/ALT_Robotics_IDE/ros2_ws/install/atl_ide_interfaces/lib/python3.8/site-packages/atl_ide_interfaces/msg/_idewebapp.py
[1.055s] -- Up-to-date: /home/autretechlab/Documents/GitHub/ALT_Robotics_IDE/ros2_ws/install/atl_ide_interfaces/lib/python3.8/site-packages/atl_ide_interfaces/msg/_idewebapp_s.c
[1.055s] -- Up-to-date: /home/autretechlab/Documents/GitHub/ALT_Robotics_IDE/ros2_ws/install/atl_ide_interfaces/lib/python3.8/site-packages/atl_ide_interfaces/atl_ide_interfaces_s__rosidl_typesupport_fastrtps_c.cpython-38-x86_64-linux-gnu.so
[1.057s] -- Up-to-date: /home/autretechlab/Documents/GitHub/ALT_Robotics_IDE/ros2_ws/install/atl_ide_interfaces/lib/python3.8/site-packages/atl_ide_interfaces/atl_ide_interfaces_s__rosidl_typesupport_introspection_c.cpython-38-x86_64-linux-gnu.so
[1.058s] -- Up-to-date: /home/autretechlab/Documents/GitHub/ALT_Robotics_IDE/ros2_ws/install/atl_ide_interfaces/lib/python3.8/site-packages/atl_ide_interfaces/atl_ide_interfaces_s__rosidl_typesupport_c.cpython-38-x86_64-linux-gnu.so
[1.059s] -- Up-to-date: /home/autretechlab/Documents/GitHub/ALT_Robotics_IDE/ros2_ws/install/atl_ide_interfaces/lib/libatl_ide_interfaces__python.so
[1.060s] -- Up-to-date: /home/autretechlab/Documents/GitHub/ALT_Robotics_IDE/ros2_ws/install/atl_ide_interfaces/share/atl_ide_interfaces/msg/IDEWEBAPP.idl
[1.060s] -- Up-to-date: /home/autretechlab/Documents/GitHub/ALT_Robotics_IDE/ros2_ws/install/atl_ide_interfaces/share/atl_ide_interfaces/msg/IDEWEBAPP.msg
[1.061s] -- Up-to-date: /home/autretechlab/Documents/GitHub/ALT_Robotics_IDE/ros2_ws/install/atl_ide_interfaces/share/ament_index/resource_index/package_run_dependencies/atl_ide_interfaces
[1.061s] -- Up-to-date: /home/autretechlab/Documents/GitHub/ALT_Robotics_IDE/ros2_ws/install/atl_ide_interfaces/share/ament_index/resource_index/parent_prefix_path/atl_ide_interfaces
[1.061s] -- Up-to-date: /home/autretechlab/Documents/GitHub/ALT_Robotics_IDE/ros2_ws/install/atl_ide_interfaces/share/atl_ide_interfaces/environment/ament_prefix_path.sh
[1.061s] -- Up-to-date: /home/autretechlab/Documents/GitHub/ALT_Robotics_IDE/ros2_ws/install/atl_ide_interfaces/share/atl_ide_interfaces/environment/ament_prefix_path.dsv
[1.062s] -- Up-to-date: /home/autretechlab/Documents/GitHub/ALT_Robotics_IDE/ros2_ws/install/atl_ide_interfaces/share/atl_ide_interfaces/environment/path.sh
[1.062s] -- Up-to-date: /home/autretechlab/Documents/GitHub/ALT_Robotics_IDE/ros2_ws/install/atl_ide_interfaces/share/atl_ide_interfaces/environment/path.dsv
[1.062s] -- Up-to-date: /home/autretechlab/Documents/GitHub/ALT_Robotics_IDE/ros2_ws/install/atl_ide_interfaces/share/atl_ide_interfaces/local_setup.bash
[1.062s] -- Up-to-date: /home/autretechlab/Documents/GitHub/ALT_Robotics_IDE/ros2_ws/install/atl_ide_interfaces/share/atl_ide_interfaces/local_setup.sh
[1.062s] -- Up-to-date: /home/autretechlab/Documents/GitHub/ALT_Robotics_IDE/ros2_ws/install/atl_ide_interfaces/share/atl_ide_interfaces/local_setup.zsh
[1.063s] -- Up-to-date: /home/autretechlab/Documents/GitHub/ALT_Robotics_IDE/ros2_ws/install/atl_ide_interfaces/share/atl_ide_interfaces/local_setup.dsv
[1.063s] -- Installing: /home/autretechlab/Documents/GitHub/ALT_Robotics_IDE/ros2_ws/install/atl_ide_interfaces/share/atl_ide_interfaces/package.dsv
[1.063s] -- Up-to-date: /home/autretechlab/Documents/GitHub/ALT_Robotics_IDE/ros2_ws/install/atl_ide_interfaces/share/ament_index/resource_index/packages/atl_ide_interfaces
[1.063s] -- Up-to-date: /home/autretechlab/Documents/GitHub/ALT_Robotics_IDE/ros2_ws/install/atl_ide_interfaces/share/atl_ide_interfaces/cmake/atl_ide_interfaces__rosidl_generator_cExport.cmake
[1.063s] -- Up-to-date: /home/autretechlab/Documents/GitHub/ALT_Robotics_IDE/ros2_ws/install/atl_ide_interfaces/share/atl_ide_interfaces/cmake/atl_ide_interfaces__rosidl_generator_cExport-noconfig.cmake
[1.064s] -- Up-to-date: /home/autretechlab/Documents/GitHub/ALT_Robotics_IDE/ros2_ws/install/atl_ide_interfaces/share/atl_ide_interfaces/cmake/atl_ide_interfaces__rosidl_typesupport_introspection_cExport.cmake
[1.064s] -- Up-to-date: /home/autretechlab/Documents/GitHub/ALT_Robotics_IDE/ros2_ws/install/atl_ide_interfaces/share/atl_ide_interfaces/cmake/atl_ide_interfaces__rosidl_typesupport_introspection_cExport-noconfig.cmake
[1.064s] -- Up-to-date: /home/autretechlab/Documents/GitHub/ALT_Robotics_IDE/ros2_ws/install/atl_ide_interfaces/share/atl_ide_interfaces/cmake/atl_ide_interfaces__rosidl_typesupport_cExport.cmake
[1.064s] -- Up-to-date: /home/autretechlab/Documents/GitHub/ALT_Robotics_IDE/ros2_ws/install/atl_ide_interfaces/share/atl_ide_interfaces/cmake/atl_ide_interfaces__rosidl_typesupport_cExport-noconfig.cmake
[1.065s] -- Up-to-date: /home/autretechlab/Documents/GitHub/ALT_Robotics_IDE/ros2_ws/install/atl_ide_interfaces/share/atl_ide_interfaces/cmake/atl_ide_interfaces__rosidl_generator_cppExport.cmake
[1.065s] -- Up-to-date: /home/autretechlab/Documents/GitHub/ALT_Robotics_IDE/ros2_ws/install/atl_ide_interfaces/share/atl_ide_interfaces/cmake/atl_ide_interfaces__rosidl_typesupport_introspection_cppExport.cmake
[1.066s] -- Up-to-date: /home/autretechlab/Documents/GitHub/ALT_Robotics_IDE/ros2_ws/install/atl_ide_interfaces/share/atl_ide_interfaces/cmake/atl_ide_interfaces__rosidl_typesupport_introspection_cppExport-noconfig.cmake
[1.066s] -- Up-to-date: /home/autretechlab/Documents/GitHub/ALT_Robotics_IDE/ros2_ws/install/atl_ide_interfaces/share/atl_ide_interfaces/cmake/atl_ide_interfaces__rosidl_typesupport_cppExport.cmake
[1.067s] -- Up-to-date: /home/autretechlab/Documents/GitHub/ALT_Robotics_IDE/ros2_ws/install/atl_ide_interfaces/share/atl_ide_interfaces/cmake/atl_ide_interfaces__rosidl_typesupport_cppExport-noconfig.cmake
[1.067s] -- Up-to-date: /home/autretechlab/Documents/GitHub/ALT_Robotics_IDE/ros2_ws/install/atl_ide_interfaces/share/atl_ide_interfaces/cmake/rosidl_cmake-extras.cmake
[1.067s] -- Up-to-date: /home/autretechlab/Documents/GitHub/ALT_Robotics_IDE/ros2_ws/install/atl_ide_interfaces/share/atl_ide_interfaces/cmake/ament_cmake_export_dependencies-extras.cmake
[1.067s] -- Up-to-date: /home/autretechlab/Documents/GitHub/ALT_Robotics_IDE/ros2_ws/install/atl_ide_interfaces/share/atl_ide_interfaces/cmake/ament_cmake_export_libraries-extras.cmake
[1.068s] -- Up-to-date: /home/autretechlab/Documents/GitHub/ALT_Robotics_IDE/ros2_ws/install/atl_ide_interfaces/share/atl_ide_interfaces/cmake/ament_cmake_export_targets-extras.cmake
[1.068s] -- Up-to-date: /home/autretechlab/Documents/GitHub/ALT_Robotics_IDE/ros2_ws/install/atl_ide_interfaces/share/atl_ide_interfaces/cmake/ament_cmake_export_include_directories-extras.cmake
[1.068s] -- Up-to-date: /home/autretechlab/Documents/GitHub/ALT_Robotics_IDE/ros2_ws/install/atl_ide_interfaces/share/atl_ide_interfaces/cmake/rosidl_cmake_export_typesupport_libraries-extras.cmake
[1.068s] -- Up-to-date: /home/autretechlab/Documents/GitHub/ALT_Robotics_IDE/ros2_ws/install/atl_ide_interfaces/share/atl_ide_interfaces/cmake/rosidl_cmake_export_typesupport_targets-extras.cmake
[1.068s] -- Up-to-date: /home/autretechlab/Documents/GitHub/ALT_Robotics_IDE/ros2_ws/install/atl_ide_interfaces/share/atl_ide_interfaces/cmake/atl_ide_interfacesConfig.cmake
[1.069s] -- Up-to-date: /home/autretechlab/Documents/GitHub/ALT_Robotics_IDE/ros2_ws/install/atl_ide_interfaces/share/atl_ide_interfaces/cmake/atl_ide_interfacesConfig-version.cmake
[1.069s] -- Up-to-date: /home/autretechlab/Documents/GitHub/ALT_Robotics_IDE/ros2_ws/install/atl_ide_interfaces/share/atl_ide_interfaces/package.xml
[1.075s] Invoked command in '/home/autretechlab/Documents/GitHub/ALT_Robotics_IDE/ros2_ws/build/atl_ide_interfaces' returned '0': CMAKE_PREFIX_PATH=${CMAKE_PREFIX_PATH}:/home/autretechlab/Documents/GitHub/ALT_Robotics_IDE/ros2_ws/install/atl_blockly_ide_py_pkg:/home/autretechlab/Documents/GitHub/ATL_ThymioII_ROS2_bridge/install/thymio2_ros2_tutorials_py_pkg:/home/autretechlab/Documents/GitHub/ATL_ThymioII_ROS2_bridge/install/thymio2_ros2_bridge_py_pkg:/home/autretechlab/Documents/GitHub/ATL_ThymioII_ROS2_bridge/install/thymio2_ROS2_bridge_py_pkg:/opt/ros/foxy /usr/bin/cmake --install /home/autretechlab/Documents/GitHub/ALT_Robotics_IDE/ros2_ws/build/atl_ide_interfaces
